<?xml version="1.0" encoding="utf-8"?>
<TestRun id="2f93b752-0e75-467e-8c1c-ed258a381bba" name="@CPC-joher-IBDXZ 2026-03-06 04:10:35" xmlns="http://microsoft.com/schemas/VisualStudio/TeamTest/2010">
  <Times creation="2026-03-06T04:10:35.6939313+00:00" queuing="2026-03-06T04:10:35.6939315+00:00" start="2026-03-06T04:10:32.4663265+00:00" finish="2026-03-06T04:10:38.0556141+00:00" />
  <TestSettings name="default" id="ad8d2f00-7688-499d-a94e-dcf63a2baaa2">
    <Deployment runDeploymentRoot="_CPC-joher-IBDXZ_2026-03-06_04_10_35" />
  </TestSettings>
  <Results>
    <UnitTestResult executionId="b371dee9-577a-4746-bd65-9bcf301b87f4" testId="aacc8ff9-212c-14c0-fa2e-550ab937c518" testName="WithQueryApiVersion" computerName="CPC-joher-IBDXZ" duration="00:00:00.0049000" startTime="2026-03-06T04:10:36.6093972+00:00" endTime="2026-03-06T04:10:36.6142973+00:00" testType="13cdc9d9-ddb5-4fa4-a97d-d965ccfc6d4b" outcome="Passed" testListId="8c84fa94-04c1-424b-9868-57a2d4851a1d" relativeResultsDirectory="b371dee9-577a-4746-bd65-9bcf301b87f4" />
    <UnitTestResult executionId="e3f97e72-297f-480d-aa7d-603eb5a5b7aa" testId="7e1d45cd-6edd-1bf5-93b4-7774f2d7be70" testName="GetMissingDiscriminator" computerName="CPC-joher-IBDXZ" duration="00:00:00.0102090" startTime="2026-03-06T04:10:35.6740335+00:00" endTime="2026-03-06T04:10:35.6842426+00:00" testType="13cdc9d9-ddb5-4fa4-a97d-d965ccfc6d4b" outcome="Passed" testListId="8c84fa94-04c1-424b-9868-57a2d4851a1d" relativeResultsDirectory="e3f97e72-297f-480d-aa7d-603eb5a5b7aa" />
    <UnitTestResult executionId="4f015541-76c5-4d15-8f67-2b4342434617" testId="b14610fd-3b00-6648-1ad4-c080a33e801a" testName="PutModelWithEmptyArray" computerName="CPC-joher-IBDXZ" duration="00:00:00.0046499" startTime="2026-03-06T04:10:36.5002619+00:00" endTime="2026-03-06T04:10:36.5049119+00:00" testType="13cdc9d9-ddb5-4fa4-a97d-d965ccfc6d4b" outcome="Failed" testListId="8c84fa94-04c1-424b-9868-57a2d4851a1d" relativeResultsDirectory="4f015541-76c5-4d15-8f67-2b4342434617">
      <Output>
        <ErrorInfo>
          <Message>System.NullReferenceException : Object reference not set to an instance of an object.</Message>
          <StackTrace>   at Payload.Xml.ModelWithEmptyArray.XmlModelWriteCore(XmlWriter writer, ModelReaderWriterOptions options) in /home/joheredi/dev/http-client-csharp/temp/e2e/Spector/http/payload/xml/src/Generated/Models/ModelWithEmptyArray.Serialization.cs:line 129
   at Payload.Xml.ModelWithEmptyArray.WriteXml(XmlWriter writer, ModelReaderWriterOptions options, String nameHint) in /home/joheredi/dev/http-client-csharp/temp/e2e/Spector/http/payload/xml/src/Generated/Models/ModelWithEmptyArray.Serialization.cs:line 110
   at Payload.Xml.ModelWithEmptyArray.PersistableModelWriteCore(ModelReaderWriterOptions options) in /home/joheredi/dev/http-client-csharp/temp/e2e/Spector/http/payload/xml/src/Generated/Models/ModelWithEmptyArray.Serialization.cs:line 51
   at Payload.Xml.ModelWithEmptyArray.System.ClientModel.Primitives.IPersistableModel&lt;Payload.Xml.ModelWithEmptyArray&gt;.Write(ModelReaderWriterOptions options) in /home/joheredi/dev/http-client-csharp/temp/e2e/Spector/http/payload/xml/src/Generated/Models/ModelWithEmptyArray.Serialization.cs:line 68
   at System.ClientModel.BinaryContent.ModelBinaryContent`1.get_Data()
   at System.ClientModel.BinaryContent.ModelBinaryContent`1.TryComputeLength(Int64&amp; length)
   at System.ClientModel.Primitives.HttpClientPipelineTransport.HttpPipelineRequest.MessageBodyAdapter.TryComputeLength(Int64&amp; length)
   at System.Net.Http.HttpContent.GetComputedOrBufferLength()
   at System.Net.Http.Headers.HttpContentHeaders.get_ContentLength()
   at System.Net.Http.SocketsHttpHandler.ValidateAndNormalizeRequest(HttpRequestMessage request)
   at System.Net.Http.SocketsHttpHandler.SendAsync(HttpRequestMessage request, CancellationToken cancellationToken)
   at System.Net.Http.HttpClient.&lt;SendAsync&gt;g__Core|83_0(HttpRequestMessage request, HttpCompletionOption completionOption, CancellationTokenSource cts, Boolean disposeCts, CancellationTokenSource pendingRequestsCts, CancellationToken originalCancellationToken)
   at System.ClientModel.Primitives.HttpClientPipelineTransport.ProcessSyncOrAsync(PipelineMessage message, Boolean async)
   at System.ClientModel.Primitives.HttpClientPipelineTransport.ProcessCoreAsync(PipelineMessage message)
   at System.ClientModel.Primitives.PipelineTransport.ProcessSyncOrAsync(PipelineMessage message, Boolean async)
   at System.ClientModel.Primitives.PipelineTransport.ProcessAsync(PipelineMessage message)
   at System.ClientModel.Primitives.PipelineTransport.ProcessAsync(PipelineMessage message, IReadOnlyList`1 pipeline, Int32 currentIndex)
   at System.ClientModel.Primitives.PipelinePolicy.ProcessNextAsync(PipelineMessage message, IReadOnlyList`1 pipeline, Int32 currentIndex)
   at System.ClientModel.Primitives.MessageLoggingPolicy.ProcessSyncOrAsync(PipelineMessage message, IReadOnlyList`1 pipeline, Int32 currentIndex, Boolean async)
   at System.ClientModel.Primitives.MessageLoggingPolicy.ProcessAsync(PipelineMessage message, IReadOnlyList`1 pipeline, Int32 currentIndex)
   at System.ClientModel.Primitives.PipelinePolicy.ProcessNextAsync(PipelineMessage message, IReadOnlyList`1 pipeline, Int32 currentIndex)
   at System.ClientModel.Primitives.UserAgentPolicy.ProcessAsync(PipelineMessage message, IReadOnlyList`1 pipeline, Int32 currentIndex)
   at System.ClientModel.Primitives.PipelinePolicy.ProcessNextAsync(PipelineMessage message, IReadOnlyList`1 pipeline, Int32 currentIndex)
   at System.ClientModel.Primitives.ClientRetryPolicy.ProcessSyncOrAsync(PipelineMessage message, IReadOnlyList`1 pipeline, Int32 currentIndex, Boolean async)
   at System.ClientModel.Primitives.ClientRetryPolicy.ProcessSyncOrAsync(PipelineMessage message, IReadOnlyList`1 pipeline, Int32 currentIndex, Boolean async)
   at System.ClientModel.Primitives.ClientRetryPolicy.ProcessAsync(PipelineMessage message, IReadOnlyList`1 pipeline, Int32 currentIndex)
   at System.ClientModel.Primitives.ClientPipeline.SendAsync(PipelineMessage message)
   at Payload.Xml.ClientPipelineExtensions.ProcessMessageAsync(ClientPipeline pipeline, PipelineMessage message, RequestOptions options) in /home/joheredi/dev/http-client-csharp/temp/e2e/Spector/http/payload/xml/src/Generated/Internal/ClientPipelineExtensions.cs:line 15
   at Payload.Xml.ModelWithEmptyArrayValue.PutAsync(BinaryContent content, RequestOptions options) in /home/joheredi/dev/http-client-csharp/temp/e2e/Spector/http/payload/xml/src/Generated/ModelWithEmptyArrayValue.cs:line 156
   at Payload.Xml.ModelWithEmptyArrayValue.PutAsync(ModelWithEmptyArray input, CancellationToken cancellationToken) in /home/joheredi/dev/http-client-csharp/temp/e2e/Spector/http/payload/xml/src/Generated/ModelWithEmptyArrayValue.cs:line 80
   at TestProjects.Spector.Tests.Http.Payload.Xml.XmlTests.&lt;&gt;c.&lt;&lt;PutModelWithEmptyArray&gt;b__17_0&gt;d.MoveNext() in /home/joheredi/dev/http-client-csharp/submodules/typespec/packages/http-client-csharp/generator/TestProjects/Spector.Tests/Http/Payload/Xml/XmlTests.cs:line 259
--- End of stack trace from previous location ---
   at TestProjects.Spector.Tests.SpectorTestBase.Test(Func`2 test) in /home/joheredi/dev/http-client-csharp/submodules/typespec/packages/http-client-csharp/generator/TestProjects/Spector.Tests/SpectorTestBase.cs:line 17
   at TestProjects.Spector.Tests.SpectorTestBase.Test(Func`2 test) in /home/joheredi/dev/http-client-csharp/submodules/typespec/packages/http-client-csharp/generator/TestProjects/Spector.Tests/SpectorTestBase.cs:line 30
   at NUnit.Framework.Internal.TaskAwaitAdapter.GenericAdapter`1.GetResult()
   at NUnit.Framework.Internal.AsyncToSyncAdapter.Await(Func`1 invoke)
   at NUnit.Framework.Internal.Commands.TestMethodCommand.RunTestMethod(TestExecutionContext context)
   at NUnit.Framework.Internal.Commands.TestMethodCommand.Execute(TestExecutionContext context)
   at NUnit.Framework.Internal.Execution.SimpleWorkItem.&lt;&gt;c__DisplayClass4_0.&lt;PerformWork&gt;b__0()
   at NUnit.Framework.Internal.ContextUtils.&lt;&gt;c__DisplayClass1_0`1.&lt;DoIsolated&gt;b__0(Object _)
   at System.Threading.ExecutionContext.RunInternal(ExecutionContext executionContext, ContextCallback callback, Object state)
--- End of stack trace from previous location ---
   at System.Threading.ExecutionContext.RunInternal(ExecutionContext executionContext, ContextCallback callback, Object state)
   at NUnit.Framework.Internal.ContextUtils.DoIsolated(ContextCallback callback, Object state)
   at NUnit.Framework.Internal.ContextUtils.DoIsolated[T](Func`1 func)
   at NUnit.Framework.Internal.Execution.SimpleWorkItem.PerformWork()
</StackTrace>
        </ErrorInfo>
      </Output>
    </UnitTestResult>
    <UnitTestResult executionId="851b9a45-03d6-4edf-b75a-2a36f9509cbf" testId="4a157b3c-fd38-7724-1e93-77d2c8615ffe" testName="CheckMadeOptionalMembers" computerName="CPC-joher-IBDXZ" duration="00:00:00.0004790" startTime="2026-03-06T04:10:36.7037281+00:00" endTime="2026-03-06T04:10:36.7042066+00:00" testType="13cdc9d9-ddb5-4fa4-a97d-d965ccfc6d4b" outcome="Passed" testListId="8c84fa94-04c1-424b-9868-57a2d4851a1d" relativeResultsDirectory="851b9a45-03d6-4edf-b75a-2a36f9509cbf" />
    <UnitTestResult executionId="ffc71f1f-d33c-40ad-b3e5-8ba67875915c" testId="24ffd9cf-bbee-2431-629d-c1d0711303b2" testName="PutModelWithOptionalField" computerName="CPC-joher-IBDXZ" duration="00:00:00.0067950" startTime="2026-03-06T04:10:36.5132255+00:00" endTime="2026-03-06T04:10:36.5200200+00:00" testType="13cdc9d9-ddb5-4fa4-a97d-d965ccfc6d4b" outcome="Passed" testListId="8c84fa94-04c1-424b-9868-57a2d4851a1d" relativeResultsDirectory="ffc71f1f-d33c-40ad-b3e5-8ba67875915c" />
    <UnitTestResult executionId="fa54a3e2-b7af-4c4a-ba22-bea914da3b39" testId="2ead5ad2-b22f-5a45-90f8-dc2efb3c6c71" testName="PutModelWithRenamedArrays" computerName="CPC-joher-IBDXZ" duration="00:00:00.0049640" startTime="2026-03-06T04:10:36.5201697+00:00" endTime="2026-03-06T04:10:36.5251341+00:00" testType="13cdc9d9-ddb5-4fa4-a97d-d965ccfc6d4b" outcome="Failed" testListId="8c84fa94-04c1-424b-9868-57a2d4851a1d" relativeResultsDirectory="fa54a3e2-b7af-4c4a-ba22-bea914da3b39">
      <Output>
        <ErrorInfo>
          <Message>System.NullReferenceException : Object reference not set to an instance of an object.</Message>
          <StackTrace>   at Payload.Xml.ModelWithRenamedArrays.XmlModelWriteCore(XmlWriter writer, ModelReaderWriterOptions options) in /home/joheredi/dev/http-client-csharp/temp/e2e/Spector/http/payload/xml/src/Generated/Models/ModelWithRenamedArrays.Serialization.cs:line 127
   at Payload.Xml.ModelWithRenamedArrays.WriteXml(XmlWriter writer, ModelReaderWriterOptions options, String nameHint) in /home/joheredi/dev/http-client-csharp/temp/e2e/Spector/http/payload/xml/src/Generated/Models/ModelWithRenamedArrays.Serialization.cs:line 109
   at Payload.Xml.ModelWithRenamedArrays.PersistableModelWriteCore(ModelReaderWriterOptions options) in /home/joheredi/dev/http-client-csharp/temp/e2e/Spector/http/payload/xml/src/Generated/Models/ModelWithRenamedArrays.Serialization.cs:line 50
   at Payload.Xml.ModelWithRenamedArrays.System.ClientModel.Primitives.IPersistableModel&lt;Payload.Xml.ModelWithRenamedArrays&gt;.Write(ModelReaderWriterOptions options) in /home/joheredi/dev/http-client-csharp/temp/e2e/Spector/http/payload/xml/src/Generated/Models/ModelWithRenamedArrays.Serialization.cs:line 67
   at System.ClientModel.BinaryContent.ModelBinaryContent`1.get_Data()
   at System.ClientModel.BinaryContent.ModelBinaryContent`1.TryComputeLength(Int64&amp; length)
   at System.ClientModel.Primitives.HttpClientPipelineTransport.HttpPipelineRequest.MessageBodyAdapter.TryComputeLength(Int64&amp; length)
   at System.Net.Http.HttpContent.GetComputedOrBufferLength()
   at System.Net.Http.Headers.HttpContentHeaders.get_ContentLength()
   at System.Net.Http.SocketsHttpHandler.ValidateAndNormalizeRequest(HttpRequestMessage request)
   at System.Net.Http.SocketsHttpHandler.SendAsync(HttpRequestMessage request, CancellationToken cancellationToken)
   at System.Net.Http.HttpClient.&lt;SendAsync&gt;g__Core|83_0(HttpRequestMessage request, HttpCompletionOption completionOption, CancellationTokenSource cts, Boolean disposeCts, CancellationTokenSource pendingRequestsCts, CancellationToken originalCancellationToken)
   at System.ClientModel.Primitives.HttpClientPipelineTransport.ProcessSyncOrAsync(PipelineMessage message, Boolean async)
   at System.ClientModel.Primitives.HttpClientPipelineTransport.ProcessCoreAsync(PipelineMessage message)
   at System.ClientModel.Primitives.PipelineTransport.ProcessSyncOrAsync(PipelineMessage message, Boolean async)
   at System.ClientModel.Primitives.PipelineTransport.ProcessAsync(PipelineMessage message)
   at System.ClientModel.Primitives.PipelineTransport.ProcessAsync(PipelineMessage message, IReadOnlyList`1 pipeline, Int32 currentIndex)
   at System.ClientModel.Primitives.PipelinePolicy.ProcessNextAsync(PipelineMessage message, IReadOnlyList`1 pipeline, Int32 currentIndex)
   at System.ClientModel.Primitives.MessageLoggingPolicy.ProcessSyncOrAsync(PipelineMessage message, IReadOnlyList`1 pipeline, Int32 currentIndex, Boolean async)
   at System.ClientModel.Primitives.MessageLoggingPolicy.ProcessAsync(PipelineMessage message, IReadOnlyList`1 pipeline, Int32 currentIndex)
   at System.ClientModel.Primitives.PipelinePolicy.ProcessNextAsync(PipelineMessage message, IReadOnlyList`1 pipeline, Int32 currentIndex)
   at System.ClientModel.Primitives.UserAgentPolicy.ProcessAsync(PipelineMessage message, IReadOnlyList`1 pipeline, Int32 currentIndex)
   at System.ClientModel.Primitives.PipelinePolicy.ProcessNextAsync(PipelineMessage message, IReadOnlyList`1 pipeline, Int32 currentIndex)
   at System.ClientModel.Primitives.ClientRetryPolicy.ProcessSyncOrAsync(PipelineMessage message, IReadOnlyList`1 pipeline, Int32 currentIndex, Boolean async)
   at System.ClientModel.Primitives.ClientRetryPolicy.ProcessSyncOrAsync(PipelineMessage message, IReadOnlyList`1 pipeline, Int32 currentIndex, Boolean async)
   at System.ClientModel.Primitives.ClientRetryPolicy.ProcessAsync(PipelineMessage message, IReadOnlyList`1 pipeline, Int32 currentIndex)
   at System.ClientModel.Primitives.ClientPipeline.SendAsync(PipelineMessage message)
   at Payload.Xml.ClientPipelineExtensions.ProcessMessageAsync(ClientPipeline pipeline, PipelineMessage message, RequestOptions options) in /home/joheredi/dev/http-client-csharp/temp/e2e/Spector/http/payload/xml/src/Generated/Internal/ClientPipelineExtensions.cs:line 15
   at Payload.Xml.ModelWithRenamedArraysValue.PutAsync(BinaryContent content, RequestOptions options) in /home/joheredi/dev/http-client-csharp/temp/e2e/Spector/http/payload/xml/src/Generated/ModelWithRenamedArraysValue.cs:line 156
   at Payload.Xml.ModelWithRenamedArraysValue.PutAsync(ModelWithRenamedArrays input, CancellationToken cancellationToken) in /home/joheredi/dev/http-client-csharp/temp/e2e/Spector/http/payload/xml/src/Generated/ModelWithRenamedArraysValue.cs:line 80
   at TestProjects.Spector.Tests.Http.Payload.Xml.XmlTests.&lt;&gt;c.&lt;&lt;PutModelWithRenamedArrays&gt;b__13_0&gt;d.MoveNext() in /home/joheredi/dev/http-client-csharp/submodules/typespec/packages/http-client-csharp/generator/TestProjects/Spector.Tests/Http/Payload/Xml/XmlTests.cs:line 204
--- End of stack trace from previous location ---
   at TestProjects.Spector.Tests.SpectorTestBase.Test(Func`2 test) in /home/joheredi/dev/http-client-csharp/submodules/typespec/packages/http-client-csharp/generator/TestProjects/Spector.Tests/SpectorTestBase.cs:line 17
   at TestProjects.Spector.Tests.SpectorTestBase.Test(Func`2 test) in /home/joheredi/dev/http-client-csharp/submodules/typespec/packages/http-client-csharp/generator/TestProjects/Spector.Tests/SpectorTestBase.cs:line 30
   at NUnit.Framework.Internal.TaskAwaitAdapter.GenericAdapter`1.GetResult()
   at NUnit.Framework.Internal.AsyncToSyncAdapter.Await(Func`1 invoke)
   at NUnit.Framework.Internal.Commands.TestMethodCommand.RunTestMethod(TestExecutionContext context)
   at NUnit.Framework.Internal.Commands.TestMethodCommand.Execute(TestExecutionContext context)
   at NUnit.Framework.Internal.Execution.SimpleWorkItem.&lt;&gt;c__DisplayClass4_0.&lt;PerformWork&gt;b__0()
   at NUnit.Framework.Internal.ContextUtils.&lt;&gt;c__DisplayClass1_0`1.&lt;DoIsolated&gt;b__0(Object _)
   at System.Threading.ExecutionContext.RunInternal(ExecutionContext executionContext, ContextCallback callback, Object state)
--- End of stack trace from previous location ---
   at System.Threading.ExecutionContext.RunInternal(ExecutionContext executionContext, ContextCallback callback, Object state)
   at NUnit.Framework.Internal.ContextUtils.DoIsolated(ContextCallback callback, Object state)
   at NUnit.Framework.Internal.ContextUtils.DoIsolated[T](Func`1 func)
   at NUnit.Framework.Internal.Execution.SimpleWorkItem.PerformWork()
</StackTrace>
        </ErrorInfo>
      </Output>
    </UnitTestResult>
    <UnitTestResult executionId="a4e767c0-d52c-4b7f-bfa7-4275d3ff99a9" testId="9093eda5-4e72-1f5c-19b8-4d1cf493192d" testName="ExtensibleEnumNewlineDelimited" computerName="CPC-joher-IBDXZ" duration="00:00:00.0046750" startTime="2026-03-06T04:10:35.8814400+00:00" endTime="2026-03-06T04:10:35.8861153+00:00" testType="13cdc9d9-ddb5-4fa4-a97d-d965ccfc6d4b" outcome="Failed" testListId="8c84fa94-04c1-424b-9868-57a2d4851a1d" relativeResultsDirectory="a4e767c0-d52c-4b7f-bfa7-4275d3ff99a9">
      <Output>
        <ErrorInfo>
          <Message>System.NullReferenceException : Object reference not set to an instance of an object.</Message>
          <StackTrace>   at Encode._Array.NewlineDelimitedExtensibleEnumArrayProperty.JsonModelWriteCore(Utf8JsonWriter writer, ModelReaderWriterOptions options) in /home/joheredi/dev/http-client-csharp/temp/e2e/Spector/http/encode/array/src/Generated/Models/NewlineDelimitedExtensibleEnumArrayProperty.Serialization.cs:line 99
   at Encode._Array.NewlineDelimitedExtensibleEnumArrayProperty.System.ClientModel.Primitives.IJsonModel&lt;Encode._Array.NewlineDelimitedExtensibleEnumArrayProperty&gt;.Write(Utf8JsonWriter writer, ModelReaderWriterOptions options) in /home/joheredi/dev/http-client-csharp/temp/e2e/Spector/http/encode/array/src/Generated/Models/NewlineDelimitedExtensibleEnumArrayProperty.Serialization.cs:line 84
   at System.ClientModel.Internal.ModelWriter`1.ExtractReader()
   at System.ClientModel.BinaryContent.ModelBinaryContent`1.get_SequenceReader()
   at System.ClientModel.BinaryContent.ModelBinaryContent`1.TryComputeLength(Int64&amp; length)
   at System.ClientModel.Primitives.HttpClientPipelineTransport.HttpPipelineRequest.MessageBodyAdapter.TryComputeLength(Int64&amp; length)
   at System.Net.Http.HttpContent.GetComputedOrBufferLength()
   at System.Net.Http.Headers.HttpContentHeaders.get_ContentLength()
   at System.Net.Http.SocketsHttpHandler.ValidateAndNormalizeRequest(HttpRequestMessage request)
   at System.Net.Http.SocketsHttpHandler.SendAsync(HttpRequestMessage request, CancellationToken cancellationToken)
   at System.Net.Http.HttpClient.&lt;SendAsync&gt;g__Core|83_0(HttpRequestMessage request, HttpCompletionOption completionOption, CancellationTokenSource cts, Boolean disposeCts, CancellationTokenSource pendingRequestsCts, CancellationToken originalCancellationToken)
   at System.ClientModel.Primitives.HttpClientPipelineTransport.ProcessSyncOrAsync(PipelineMessage message, Boolean async)
   at System.ClientModel.Primitives.HttpClientPipelineTransport.ProcessCoreAsync(PipelineMessage message)
   at System.ClientModel.Primitives.PipelineTransport.ProcessSyncOrAsync(PipelineMessage message, Boolean async)
   at System.ClientModel.Primitives.PipelineTransport.ProcessAsync(PipelineMessage message)
   at System.ClientModel.Primitives.PipelineTransport.ProcessAsync(PipelineMessage message, IReadOnlyList`1 pipeline, Int32 currentIndex)
   at System.ClientModel.Primitives.PipelinePolicy.ProcessNextAsync(PipelineMessage message, IReadOnlyList`1 pipeline, Int32 currentIndex)
   at System.ClientModel.Primitives.MessageLoggingPolicy.ProcessSyncOrAsync(PipelineMessage message, IReadOnlyList`1 pipeline, Int32 currentIndex, Boolean async)
   at System.ClientModel.Primitives.MessageLoggingPolicy.ProcessAsync(PipelineMessage message, IReadOnlyList`1 pipeline, Int32 currentIndex)
   at System.ClientModel.Primitives.PipelinePolicy.ProcessNextAsync(PipelineMessage message, IReadOnlyList`1 pipeline, Int32 currentIndex)
   at System.ClientModel.Primitives.UserAgentPolicy.ProcessAsync(PipelineMessage message, IReadOnlyList`1 pipeline, Int32 currentIndex)
   at System.ClientModel.Primitives.PipelinePolicy.ProcessNextAsync(PipelineMessage message, IReadOnlyList`1 pipeline, Int32 currentIndex)
   at System.ClientModel.Primitives.ClientRetryPolicy.ProcessSyncOrAsync(PipelineMessage message, IReadOnlyList`1 pipeline, Int32 currentIndex, Boolean async)
   at System.ClientModel.Primitives.ClientRetryPolicy.ProcessSyncOrAsync(PipelineMessage message, IReadOnlyList`1 pipeline, Int32 currentIndex, Boolean async)
   at System.ClientModel.Primitives.ClientRetryPolicy.ProcessAsync(PipelineMessage message, IReadOnlyList`1 pipeline, Int32 currentIndex)
   at System.ClientModel.Primitives.ClientPipeline.SendAsync(PipelineMessage message)
   at Encode._Array.ClientPipelineExtensions.ProcessMessageAsync(ClientPipeline pipeline, PipelineMessage message, RequestOptions options) in /home/joheredi/dev/http-client-csharp/temp/e2e/Spector/http/encode/array/src/Generated/Internal/ClientPipelineExtensions.cs:line 15
   at Encode._Array._Property.Property.ExtensibleEnumNewlineDelimitedAsync(BinaryContent content, RequestOptions options) in /home/joheredi/dev/http-client-csharp/temp/e2e/Spector/http/encode/array/src/Generated/Property.cs:line 933
   at Encode._Array._Property.Property.ExtensibleEnumNewlineDelimitedAsync(NewlineDelimitedExtensibleEnumArrayProperty body, CancellationToken cancellationToken) in /home/joheredi/dev/http-client-csharp/temp/e2e/Spector/http/encode/array/src/Generated/Property.cs:line 416
   at TestProjects.Spector.Tests.Http.Encode.Array.EncodeArrayTests.&lt;&gt;c.&lt;&lt;ExtensibleEnumNewlineDelimited&gt;b__11_0&gt;d.MoveNext() in /home/joheredi/dev/http-client-csharp/submodules/typespec/packages/http-client-csharp/generator/TestProjects/Spector.Tests/Http/Encode/Array/EncodeArrayTests.cs:line 143
--- End of stack trace from previous location ---
   at TestProjects.Spector.Tests.SpectorTestBase.Test(Func`2 test) in /home/joheredi/dev/http-client-csharp/submodules/typespec/packages/http-client-csharp/generator/TestProjects/Spector.Tests/SpectorTestBase.cs:line 17
   at TestProjects.Spector.Tests.SpectorTestBase.Test(Func`2 test) in /home/joheredi/dev/http-client-csharp/submodules/typespec/packages/http-client-csharp/generator/TestProjects/Spector.Tests/SpectorTestBase.cs:line 30
   at NUnit.Framework.Internal.TaskAwaitAdapter.GenericAdapter`1.GetResult()
   at NUnit.Framework.Internal.AsyncToSyncAdapter.Await(Func`1 invoke)
   at NUnit.Framework.Internal.Commands.TestMethodCommand.RunTestMethod(TestExecutionContext context)
   at NUnit.Framework.Internal.Commands.TestMethodCommand.Execute(TestExecutionContext context)
   at NUnit.Framework.Internal.Execution.SimpleWorkItem.&lt;&gt;c__DisplayClass4_0.&lt;PerformWork&gt;b__0()
   at NUnit.Framework.Internal.ContextUtils.&lt;&gt;c__DisplayClass1_0`1.&lt;DoIsolated&gt;b__0(Object _)
   at System.Threading.ExecutionContext.RunInternal(ExecutionContext executionContext, ContextCallback callback, Object state)
--- End of stack trace from previous location ---
   at System.Threading.ExecutionContext.RunInternal(ExecutionContext executionContext, ContextCallback callback, Object state)
   at NUnit.Framework.Internal.ContextUtils.DoIsolated(ContextCallback callback, Object state)
   at NUnit.Framework.Internal.ContextUtils.DoIsolated[T](Func`1 func)
   at NUnit.Framework.Internal.Execution.SimpleWorkItem.PerformWork()
</StackTrace>
        </ErrorInfo>
      </Output>
    </UnitTestResult>
    <UnitTestResult executionId="0c59661c-9352-4ca5-b225-60bd45d4924b" testId="eb6a38d5-c7ab-1c3f-e9ed-d158529ddcc5" testName="WithQueryOldApiVersion" computerName="CPC-joher-IBDXZ" duration="00:00:00.0035470" startTime="2026-03-06T04:10:36.6323968+00:00" endTime="2026-03-06T04:10:36.6359432+00:00" testType="13cdc9d9-ddb5-4fa4-a97d-d965ccfc6d4b" outcome="Passed" testListId="8c84fa94-04c1-424b-9868-57a2d4851a1d" relativeResultsDirectory="0c59661c-9352-4ca5-b225-60bd45d4924b" />
    <UnitTestResult executionId="4320f0f6-91a1-498d-9784-4c947c11041f" testId="fe10ee5b-9ec9-0afd-ba18-e9609cc3c38b" testName="WithPathApiVersion" computerName="CPC-joher-IBDXZ" duration="00:00:00.0042700" startTime="2026-03-06T04:10:36.6234178+00:00" endTime="2026-03-06T04:10:36.6276878+00:00" testType="13cdc9d9-ddb5-4fa4-a97d-d965ccfc6d4b" outcome="Passed" testListId="8c84fa94-04c1-424b-9868-57a2d4851a1d" relativeResultsDirectory="4320f0f6-91a1-498d-9784-4c947c11041f" />
    <UnitTestResult executionId="e0ad9b9b-ed06-4dbe-9a0e-40f17aac8e38" testId="596f9aca-9840-9552-7bd4-b7646e1c8b56" testName="PutModelWithSimpleArrays" computerName="CPC-joher-IBDXZ" duration="00:00:00.0052060" startTime="2026-03-06T04:10:36.5341026+00:00" endTime="2026-03-06T04:10:36.5393088+00:00" testType="13cdc9d9-ddb5-4fa4-a97d-d965ccfc6d4b" outcome="Failed" testListId="8c84fa94-04c1-424b-9868-57a2d4851a1d" relativeResultsDirectory="e0ad9b9b-ed06-4dbe-9a0e-40f17aac8e38">
      <Output>
        <ErrorInfo>
          <Message>System.NullReferenceException : Object reference not set to an instance of an object.</Message>
          <StackTrace>   at Payload.Xml.ModelWithSimpleArrays.XmlModelWriteCore(XmlWriter writer, ModelReaderWriterOptions options) in /home/joheredi/dev/http-client-csharp/temp/e2e/Spector/http/payload/xml/src/Generated/Models/ModelWithSimpleArrays.Serialization.cs:line 128
   at Payload.Xml.ModelWithSimpleArrays.WriteXml(XmlWriter writer, ModelReaderWriterOptions options, String nameHint) in /home/joheredi/dev/http-client-csharp/temp/e2e/Spector/http/payload/xml/src/Generated/Models/ModelWithSimpleArrays.Serialization.cs:line 109
   at Payload.Xml.ModelWithSimpleArrays.PersistableModelWriteCore(ModelReaderWriterOptions options) in /home/joheredi/dev/http-client-csharp/temp/e2e/Spector/http/payload/xml/src/Generated/Models/ModelWithSimpleArrays.Serialization.cs:line 50
   at Payload.Xml.ModelWithSimpleArrays.System.ClientModel.Primitives.IPersistableModel&lt;Payload.Xml.ModelWithSimpleArrays&gt;.Write(ModelReaderWriterOptions options) in /home/joheredi/dev/http-client-csharp/temp/e2e/Spector/http/payload/xml/src/Generated/Models/ModelWithSimpleArrays.Serialization.cs:line 67
   at System.ClientModel.BinaryContent.ModelBinaryContent`1.get_Data()
   at System.ClientModel.BinaryContent.ModelBinaryContent`1.TryComputeLength(Int64&amp; length)
   at System.ClientModel.Primitives.HttpClientPipelineTransport.HttpPipelineRequest.MessageBodyAdapter.TryComputeLength(Int64&amp; length)
   at System.Net.Http.HttpContent.GetComputedOrBufferLength()
   at System.Net.Http.Headers.HttpContentHeaders.get_ContentLength()
   at System.Net.Http.SocketsHttpHandler.ValidateAndNormalizeRequest(HttpRequestMessage request)
   at System.Net.Http.SocketsHttpHandler.SendAsync(HttpRequestMessage request, CancellationToken cancellationToken)
   at System.Net.Http.HttpClient.&lt;SendAsync&gt;g__Core|83_0(HttpRequestMessage request, HttpCompletionOption completionOption, CancellationTokenSource cts, Boolean disposeCts, CancellationTokenSource pendingRequestsCts, CancellationToken originalCancellationToken)
   at System.ClientModel.Primitives.HttpClientPipelineTransport.ProcessSyncOrAsync(PipelineMessage message, Boolean async)
   at System.ClientModel.Primitives.HttpClientPipelineTransport.ProcessCoreAsync(PipelineMessage message)
   at System.ClientModel.Primitives.PipelineTransport.ProcessSyncOrAsync(PipelineMessage message, Boolean async)
   at System.ClientModel.Primitives.PipelineTransport.ProcessAsync(PipelineMessage message)
   at System.ClientModel.Primitives.PipelineTransport.ProcessAsync(PipelineMessage message, IReadOnlyList`1 pipeline, Int32 currentIndex)
   at System.ClientModel.Primitives.PipelinePolicy.ProcessNextAsync(PipelineMessage message, IReadOnlyList`1 pipeline, Int32 currentIndex)
   at System.ClientModel.Primitives.MessageLoggingPolicy.ProcessSyncOrAsync(PipelineMessage message, IReadOnlyList`1 pipeline, Int32 currentIndex, Boolean async)
   at System.ClientModel.Primitives.MessageLoggingPolicy.ProcessAsync(PipelineMessage message, IReadOnlyList`1 pipeline, Int32 currentIndex)
   at System.ClientModel.Primitives.PipelinePolicy.ProcessNextAsync(PipelineMessage message, IReadOnlyList`1 pipeline, Int32 currentIndex)
   at System.ClientModel.Primitives.UserAgentPolicy.ProcessAsync(PipelineMessage message, IReadOnlyList`1 pipeline, Int32 currentIndex)
   at System.ClientModel.Primitives.PipelinePolicy.ProcessNextAsync(PipelineMessage message, IReadOnlyList`1 pipeline, Int32 currentIndex)
   at System.ClientModel.Primitives.ClientRetryPolicy.ProcessSyncOrAsync(PipelineMessage message, IReadOnlyList`1 pipeline, Int32 currentIndex, Boolean async)
   at System.ClientModel.Primitives.ClientRetryPolicy.ProcessSyncOrAsync(PipelineMessage message, IReadOnlyList`1 pipeline, Int32 currentIndex, Boolean async)
   at System.ClientModel.Primitives.ClientRetryPolicy.ProcessAsync(PipelineMessage message, IReadOnlyList`1 pipeline, Int32 currentIndex)
   at System.ClientModel.Primitives.ClientPipeline.SendAsync(PipelineMessage message)
   at Payload.Xml.ClientPipelineExtensions.ProcessMessageAsync(ClientPipeline pipeline, PipelineMessage message, RequestOptions options) in /home/joheredi/dev/http-client-csharp/temp/e2e/Spector/http/payload/xml/src/Generated/Internal/ClientPipelineExtensions.cs:line 15
   at Payload.Xml.ModelWithSimpleArraysValue.PutAsync(BinaryContent content, RequestOptions options) in /home/joheredi/dev/http-client-csharp/temp/e2e/Spector/http/payload/xml/src/Generated/ModelWithSimpleArraysValue.cs:line 156
   at Payload.Xml.ModelWithSimpleArraysValue.PutAsync(ModelWithSimpleArrays input, CancellationToken cancellationToken) in /home/joheredi/dev/http-client-csharp/temp/e2e/Spector/http/payload/xml/src/Generated/ModelWithSimpleArraysValue.cs:line 80
   at TestProjects.Spector.Tests.Http.Payload.Xml.XmlTests.&lt;&gt;c.&lt;&lt;PutModelWithSimpleArrays&gt;b__3_0&gt;d.MoveNext() in /home/joheredi/dev/http-client-csharp/submodules/typespec/packages/http-client-csharp/generator/TestProjects/Spector.Tests/Http/Payload/Xml/XmlTests.cs:line 62
--- End of stack trace from previous location ---
   at TestProjects.Spector.Tests.SpectorTestBase.Test(Func`2 test) in /home/joheredi/dev/http-client-csharp/submodules/typespec/packages/http-client-csharp/generator/TestProjects/Spector.Tests/SpectorTestBase.cs:line 17
   at TestProjects.Spector.Tests.SpectorTestBase.Test(Func`2 test) in /home/joheredi/dev/http-client-csharp/submodules/typespec/packages/http-client-csharp/generator/TestProjects/Spector.Tests/SpectorTestBase.cs:line 30
   at NUnit.Framework.Internal.TaskAwaitAdapter.GenericAdapter`1.GetResult()
   at NUnit.Framework.Internal.AsyncToSyncAdapter.Await(Func`1 invoke)
   at NUnit.Framework.Internal.Commands.TestMethodCommand.RunTestMethod(TestExecutionContext context)
   at NUnit.Framework.Internal.Commands.TestMethodCommand.Execute(TestExecutionContext context)
   at NUnit.Framework.Internal.Execution.SimpleWorkItem.&lt;&gt;c__DisplayClass4_0.&lt;PerformWork&gt;b__0()
   at NUnit.Framework.Internal.ContextUtils.&lt;&gt;c__DisplayClass1_0`1.&lt;DoIsolated&gt;b__0(Object _)
   at System.Threading.ExecutionContext.RunInternal(ExecutionContext executionContext, ContextCallback callback, Object state)
--- End of stack trace from previous location ---
   at System.Threading.ExecutionContext.RunInternal(ExecutionContext executionContext, ContextCallback callback, Object state)
   at NUnit.Framework.Internal.ContextUtils.DoIsolated(ContextCallback callback, Object state)
   at NUnit.Framework.Internal.ContextUtils.DoIsolated[T](Func`1 func)
   at NUnit.Framework.Internal.Execution.SimpleWorkItem.PerformWork()
</StackTrace>
        </ErrorInfo>
      </Output>
    </UnitTestResult>
    <UnitTestResult executionId="7616ebf5-083a-4fa1-81cc-058c614aa4ec" testId="858c6ef2-750e-8634-6a2e-03dc3b10bbcb" testName="PutFixedEnum" computerName="CPC-joher-IBDXZ" duration="00:00:00.0062220" startTime="2026-03-06T04:10:35.6675620+00:00" endTime="2026-03-06T04:10:35.6737839+00:00" testType="13cdc9d9-ddb5-4fa4-a97d-d965ccfc6d4b" outcome="Passed" testListId="8c84fa94-04c1-424b-9868-57a2d4851a1d" relativeResultsDirectory="7616ebf5-083a-4fa1-81cc-058c614aa4ec" />
    <UnitTestResult executionId="b9b238a5-c59c-437f-9f40-6d54b739a9ed" testId="fd1df377-e0ad-575b-502a-4b974f1f826d" testName="QueryFloat64Seconds" computerName="CPC-joher-IBDXZ" duration="00:00:00.0043720" startTime="2026-03-06T04:10:36.2668102+00:00" endTime="2026-03-06T04:10:36.2711820+00:00" testType="13cdc9d9-ddb5-4fa4-a97d-d965ccfc6d4b" outcome="Failed" testListId="8c84fa94-04c1-424b-9868-57a2d4851a1d" relativeResultsDirectory="b9b238a5-c59c-437f-9f40-6d54b739a9ed">
      <Output>
        <ErrorInfo>
          <Message>System.ClientModel.ClientResultException : Service request failed.
Status: 400 (Bad Request)
</Message>
          <StackTrace>   at Encode.Duration.ClientPipelineExtensions.ProcessMessageAsync(ClientPipeline pipeline, PipelineMessage message, RequestOptions options) in /home/joheredi/dev/http-client-csharp/temp/e2e/Spector/http/encode/duration/src/Generated/Internal/ClientPipelineExtensions.cs:line 19
   at Encode.Duration._Query.Query.Float64SecondsAsync(TimeSpan input, RequestOptions options) in /home/joheredi/dev/http-client-csharp/temp/e2e/Spector/http/encode/duration/src/Generated/Query.cs:line 651
   at Encode.Duration._Query.Query.Float64SecondsAsync(TimeSpan input, CancellationToken cancellationToken) in /home/joheredi/dev/http-client-csharp/temp/e2e/Spector/http/encode/duration/src/Generated/Query.cs:line 186
   at TestProjects.Spector.Tests.Http.Encode.Duration.EncodeDurationTests.&lt;&gt;c.&lt;&lt;QueryFloat64Seconds&gt;b__24_0&gt;d.MoveNext() in /home/joheredi/dev/http-client-csharp/submodules/typespec/packages/http-client-csharp/generator/TestProjects/Spector.Tests/Http/Encode/Duration/EncodeDurationTest.cs:line 247
--- End of stack trace from previous location ---
   at TestProjects.Spector.Tests.SpectorTestBase.Test(Func`2 test) in /home/joheredi/dev/http-client-csharp/submodules/typespec/packages/http-client-csharp/generator/TestProjects/Spector.Tests/SpectorTestBase.cs:line 17
   at TestProjects.Spector.Tests.SpectorTestBase.Test(Func`2 test) in /home/joheredi/dev/http-client-csharp/submodules/typespec/packages/http-client-csharp/generator/TestProjects/Spector.Tests/SpectorTestBase.cs:line 30
   at NUnit.Framework.Internal.TaskAwaitAdapter.GenericAdapter`1.BlockUntilCompleted()
   at NUnit.Framework.Internal.MessagePumpStrategy.NoMessagePumpStrategy.WaitForCompletion(AwaitAdapter awaiter)
   at NUnit.Framework.Internal.AsyncToSyncAdapter.Await(Func`1 invoke)
   at NUnit.Framework.Internal.Commands.TestMethodCommand.RunTestMethod(TestExecutionContext context)
   at NUnit.Framework.Internal.Commands.TestMethodCommand.Execute(TestExecutionContext context)
   at NUnit.Framework.Internal.Execution.SimpleWorkItem.&lt;&gt;c__DisplayClass4_0.&lt;PerformWork&gt;b__0()
   at NUnit.Framework.Internal.ContextUtils.&lt;&gt;c__DisplayClass1_0`1.&lt;DoIsolated&gt;b__0(Object _)
   at System.Threading.ExecutionContext.RunInternal(ExecutionContext executionContext, ContextCallback callback, Object state)
--- End of stack trace from previous location ---
   at System.Threading.ExecutionContext.RunInternal(ExecutionContext executionContext, ContextCallback callback, Object state)
   at NUnit.Framework.Internal.ContextUtils.DoIsolated(ContextCallback callback, Object state)
   at NUnit.Framework.Internal.ContextUtils.DoIsolated[T](Func`1 func)
   at NUnit.Framework.Internal.Execution.SimpleWorkItem.PerformWork()
</StackTrace>
        </ErrorInfo>
      </Output>
    </UnitTestResult>
    <UnitTestResult executionId="81478c4a-aa1b-4e2c-9d60-98772258808c" testId="29bc14aa-3e3c-c757-2835-a58485a3fc2f" testName="NewlineDelimited" computerName="CPC-joher-IBDXZ" duration="00:00:00.0047080" startTime="2026-03-06T04:10:35.8960990+00:00" endTime="2026-03-06T04:10:35.9008067+00:00" testType="13cdc9d9-ddb5-4fa4-a97d-d965ccfc6d4b" outcome="Failed" testListId="8c84fa94-04c1-424b-9868-57a2d4851a1d" relativeResultsDirectory="81478c4a-aa1b-4e2c-9d60-98772258808c">
      <Output>
        <ErrorInfo>
          <Message>System.NullReferenceException : Object reference not set to an instance of an object.</Message>
          <StackTrace>   at Encode._Array.NewlineDelimitedArrayProperty.JsonModelWriteCore(Utf8JsonWriter writer, ModelReaderWriterOptions options) in /home/joheredi/dev/http-client-csharp/temp/e2e/Spector/http/encode/array/src/Generated/Models/NewlineDelimitedArrayProperty.Serialization.cs:line 99
   at Encode._Array.NewlineDelimitedArrayProperty.System.ClientModel.Primitives.IJsonModel&lt;Encode._Array.NewlineDelimitedArrayProperty&gt;.Write(Utf8JsonWriter writer, ModelReaderWriterOptions options) in /home/joheredi/dev/http-client-csharp/temp/e2e/Spector/http/encode/array/src/Generated/Models/NewlineDelimitedArrayProperty.Serialization.cs:line 84
   at System.ClientModel.Internal.ModelWriter`1.ExtractReader()
   at System.ClientModel.BinaryContent.ModelBinaryContent`1.get_SequenceReader()
   at System.ClientModel.BinaryContent.ModelBinaryContent`1.TryComputeLength(Int64&amp; length)
   at System.ClientModel.Primitives.HttpClientPipelineTransport.HttpPipelineRequest.MessageBodyAdapter.TryComputeLength(Int64&amp; length)
   at System.Net.Http.HttpContent.GetComputedOrBufferLength()
   at System.Net.Http.Headers.HttpContentHeaders.get_ContentLength()
   at System.Net.Http.SocketsHttpHandler.ValidateAndNormalizeRequest(HttpRequestMessage request)
   at System.Net.Http.SocketsHttpHandler.SendAsync(HttpRequestMessage request, CancellationToken cancellationToken)
   at System.Net.Http.HttpClient.&lt;SendAsync&gt;g__Core|83_0(HttpRequestMessage request, HttpCompletionOption completionOption, CancellationTokenSource cts, Boolean disposeCts, CancellationTokenSource pendingRequestsCts, CancellationToken originalCancellationToken)
   at System.ClientModel.Primitives.HttpClientPipelineTransport.ProcessSyncOrAsync(PipelineMessage message, Boolean async)
   at System.ClientModel.Primitives.HttpClientPipelineTransport.ProcessCoreAsync(PipelineMessage message)
   at System.ClientModel.Primitives.PipelineTransport.ProcessSyncOrAsync(PipelineMessage message, Boolean async)
   at System.ClientModel.Primitives.PipelineTransport.ProcessAsync(PipelineMessage message)
   at System.ClientModel.Primitives.PipelineTransport.ProcessAsync(PipelineMessage message, IReadOnlyList`1 pipeline, Int32 currentIndex)
   at System.ClientModel.Primitives.PipelinePolicy.ProcessNextAsync(PipelineMessage message, IReadOnlyList`1 pipeline, Int32 currentIndex)
   at System.ClientModel.Primitives.MessageLoggingPolicy.ProcessSyncOrAsync(PipelineMessage message, IReadOnlyList`1 pipeline, Int32 currentIndex, Boolean async)
   at System.ClientModel.Primitives.MessageLoggingPolicy.ProcessAsync(PipelineMessage message, IReadOnlyList`1 pipeline, Int32 currentIndex)
   at System.ClientModel.Primitives.PipelinePolicy.ProcessNextAsync(PipelineMessage message, IReadOnlyList`1 pipeline, Int32 currentIndex)
   at System.ClientModel.Primitives.UserAgentPolicy.ProcessAsync(PipelineMessage message, IReadOnlyList`1 pipeline, Int32 currentIndex)
   at System.ClientModel.Primitives.PipelinePolicy.ProcessNextAsync(PipelineMessage message, IReadOnlyList`1 pipeline, Int32 currentIndex)
   at System.ClientModel.Primitives.ClientRetryPolicy.ProcessSyncOrAsync(PipelineMessage message, IReadOnlyList`1 pipeline, Int32 currentIndex, Boolean async)
   at System.ClientModel.Primitives.ClientRetryPolicy.ProcessSyncOrAsync(PipelineMessage message, IReadOnlyList`1 pipeline, Int32 currentIndex, Boolean async)
   at System.ClientModel.Primitives.ClientRetryPolicy.ProcessAsync(PipelineMessage message, IReadOnlyList`1 pipeline, Int32 currentIndex)
   at System.ClientModel.Primitives.ClientPipeline.SendAsync(PipelineMessage message)
   at Encode._Array.ClientPipelineExtensions.ProcessMessageAsync(ClientPipeline pipeline, PipelineMessage message, RequestOptions options) in /home/joheredi/dev/http-client-csharp/temp/e2e/Spector/http/encode/array/src/Generated/Internal/ClientPipelineExtensions.cs:line 15
   at Encode._Array._Property.Property.NewlineDelimitedAsync(BinaryContent content, RequestOptions options) in /home/joheredi/dev/http-client-csharp/temp/e2e/Spector/http/encode/array/src/Generated/Property.cs:line 585
   at Encode._Array._Property.Property.NewlineDelimitedAsync(NewlineDelimitedArrayProperty body, CancellationToken cancellationToken) in /home/joheredi/dev/http-client-csharp/temp/e2e/Spector/http/encode/array/src/Generated/Property.cs:line 160
   at TestProjects.Spector.Tests.Http.Encode.Array.EncodeArrayTests.&lt;&gt;c.&lt;&lt;NewlineDelimited&gt;b__3_0&gt;d.MoveNext() in /home/joheredi/dev/http-client-csharp/submodules/typespec/packages/http-client-csharp/generator/TestProjects/Spector.Tests/Http/Encode/Array/EncodeArrayTests.cs:line 55
--- End of stack trace from previous location ---
   at TestProjects.Spector.Tests.SpectorTestBase.Test(Func`2 test) in /home/joheredi/dev/http-client-csharp/submodules/typespec/packages/http-client-csharp/generator/TestProjects/Spector.Tests/SpectorTestBase.cs:line 17
   at TestProjects.Spector.Tests.SpectorTestBase.Test(Func`2 test) in /home/joheredi/dev/http-client-csharp/submodules/typespec/packages/http-client-csharp/generator/TestProjects/Spector.Tests/SpectorTestBase.cs:line 30
   at NUnit.Framework.Internal.TaskAwaitAdapter.GenericAdapter`1.GetResult()
   at NUnit.Framework.Internal.AsyncToSyncAdapter.Await(Func`1 invoke)
   at NUnit.Framework.Internal.Commands.TestMethodCommand.RunTestMethod(TestExecutionContext context)
   at NUnit.Framework.Internal.Commands.TestMethodCommand.Execute(TestExecutionContext context)
   at NUnit.Framework.Internal.Execution.SimpleWorkItem.&lt;&gt;c__DisplayClass4_0.&lt;PerformWork&gt;b__0()
   at NUnit.Framework.Internal.ContextUtils.&lt;&gt;c__DisplayClass1_0`1.&lt;DoIsolated&gt;b__0(Object _)
   at System.Threading.ExecutionContext.RunInternal(ExecutionContext executionContext, ContextCallback callback, Object state)
--- End of stack trace from previous location ---
   at System.Threading.ExecutionContext.RunInternal(ExecutionContext executionContext, ContextCallback callback, Object state)
   at NUnit.Framework.Internal.ContextUtils.DoIsolated(ContextCallback callback, Object state)
   at NUnit.Framework.Internal.ContextUtils.DoIsolated[T](Func`1 func)
   at NUnit.Framework.Internal.Execution.SimpleWorkItem.PerformWork()
</StackTrace>
        </ErrorInfo>
      </Output>
    </UnitTestResult>
    <UnitTestResult executionId="d935206a-42bc-4130-9ef5-a33677142f47" testId="4ae4d61e-65bf-67d3-4ba3-7fd45d95f1f0" testName="Output" computerName="CPC-joher-IBDXZ" duration="00:00:00.0041599" startTime="2026-03-06T04:10:35.8076986+00:00" endTime="2026-03-06T04:10:35.8118588+00:00" testType="13cdc9d9-ddb5-4fa4-a97d-d965ccfc6d4b" outcome="Passed" testListId="8c84fa94-04c1-424b-9868-57a2d4851a1d" relativeResultsDirectory="d935206a-42bc-4130-9ef5-a33677142f47" />
    <UnitTestResult executionId="cbb71c9e-41c3-421c-8a32-24938ab9dd3a" testId="38749f39-b178-c83f-29ee-004554cf6bfd" testName="QueryPipes" computerName="CPC-joher-IBDXZ" duration="00:00:00.0036470" startTime="2026-03-06T04:10:36.3527732+00:00" endTime="2026-03-06T04:10:36.3564199+00:00" testType="13cdc9d9-ddb5-4fa4-a97d-d965ccfc6d4b" outcome="Passed" testListId="8c84fa94-04c1-424b-9868-57a2d4851a1d" relativeResultsDirectory="cbb71c9e-41c3-421c-8a32-24938ab9dd3a" />
    <UnitTestResult executionId="21930b5d-9411-49dd-8771-459688d497fd" testId="f9c46649-7adc-d294-b563-6894fd809edd" testName="GetModel" computerName="CPC-joher-IBDXZ" duration="00:00:00.0042690" startTime="2026-03-06T04:10:35.7711467+00:00" endTime="2026-03-06T04:10:35.7754159+00:00" testType="13cdc9d9-ddb5-4fa4-a97d-d965ccfc6d4b" outcome="Passed" testListId="8c84fa94-04c1-424b-9868-57a2d4851a1d" relativeResultsDirectory="21930b5d-9411-49dd-8771-459688d497fd" />
    <UnitTestResult executionId="b314993d-3fa4-4dae-a3bf-1ca253f43ce6" testId="1886cc4b-5f43-454d-d935-75d3c0070600" testName="QueryRfc7231" computerName="CPC-joher-IBDXZ" duration="00:00:00.0047670" startTime="2026-03-06T04:10:35.9872486+00:00" endTime="2026-03-06T04:10:35.9920149+00:00" testType="13cdc9d9-ddb5-4fa4-a97d-d965ccfc6d4b" outcome="Failed" testListId="8c84fa94-04c1-424b-9868-57a2d4851a1d" relativeResultsDirectory="b314993d-3fa4-4dae-a3bf-1ca253f43ce6">
      <Output>
        <ErrorInfo>
          <Message>System.ClientModel.ClientResultException : Service request failed.
Status: 400 (Bad Request)
</Message>
          <StackTrace>   at Encode.Datetime.ClientPipelineExtensions.ProcessMessageAsync(ClientPipeline pipeline, PipelineMessage message, RequestOptions options) in /home/joheredi/dev/http-client-csharp/temp/e2e/Spector/http/encode/datetime/src/Generated/Internal/ClientPipelineExtensions.cs:line 19
   at Encode.Datetime._Query.Query.Rfc7231Async(DateTimeOffset value, RequestOptions options) in /home/joheredi/dev/http-client-csharp/temp/e2e/Spector/http/encode/datetime/src/Generated/Query.cs:line 273
   at Encode.Datetime._Query.Query.Rfc7231Async(DateTimeOffset value, CancellationToken cancellationToken) in /home/joheredi/dev/http-client-csharp/temp/e2e/Spector/http/encode/datetime/src/Generated/Query.cs:line 96
   at TestProjects.Spector.Tests.Http.Encode.Datetime.DateTimeTests.&lt;&gt;c.&lt;&lt;QueryRfc7231&gt;b__11_0&gt;d.MoveNext() in /home/joheredi/dev/http-client-csharp/submodules/typespec/packages/http-client-csharp/generator/TestProjects/Spector.Tests/Http/Encode/DateTime/DateTimeTests.cs:line 114
--- End of stack trace from previous location ---
   at TestProjects.Spector.Tests.SpectorTestBase.Test(Func`2 test) in /home/joheredi/dev/http-client-csharp/submodules/typespec/packages/http-client-csharp/generator/TestProjects/Spector.Tests/SpectorTestBase.cs:line 17
   at TestProjects.Spector.Tests.SpectorTestBase.Test(Func`2 test) in /home/joheredi/dev/http-client-csharp/submodules/typespec/packages/http-client-csharp/generator/TestProjects/Spector.Tests/SpectorTestBase.cs:line 30
   at NUnit.Framework.Internal.TaskAwaitAdapter.GenericAdapter`1.BlockUntilCompleted()
   at NUnit.Framework.Internal.MessagePumpStrategy.NoMessagePumpStrategy.WaitForCompletion(AwaitAdapter awaiter)
   at NUnit.Framework.Internal.AsyncToSyncAdapter.Await(Func`1 invoke)
   at NUnit.Framework.Internal.Commands.TestMethodCommand.RunTestMethod(TestExecutionContext context)
   at NUnit.Framework.Internal.Commands.TestMethodCommand.Execute(TestExecutionContext context)
   at NUnit.Framework.Internal.Execution.SimpleWorkItem.&lt;&gt;c__DisplayClass4_0.&lt;PerformWork&gt;b__0()
   at NUnit.Framework.Internal.ContextUtils.&lt;&gt;c__DisplayClass1_0`1.&lt;DoIsolated&gt;b__0(Object _)
   at System.Threading.ExecutionContext.RunInternal(ExecutionContext executionContext, ContextCallback callback, Object state)
--- End of stack trace from previous location ---
   at System.Threading.ExecutionContext.RunInternal(ExecutionContext executionContext, ContextCallback callback, Object state)
   at NUnit.Framework.Internal.ContextUtils.DoIsolated(ContextCallback callback, Object state)
   at NUnit.Framework.Internal.ContextUtils.DoIsolated[T](Func`1 func)
   at NUnit.Framework.Internal.Execution.SimpleWorkItem.PerformWork()
</StackTrace>
        </ErrorInfo>
      </Output>
    </UnitTestResult>
    <UnitTestResult executionId="7435d81d-0e5b-43ac-b4af-e1403c77c908" testId="43e3e33e-7862-1ba7-ab00-9ad1faebddbf" testName="QueryFloatSeconds" computerName="CPC-joher-IBDXZ" duration="00:00:00.0036750" startTime="2026-03-06T04:10:36.2753935+00:00" endTime="2026-03-06T04:10:36.2790683+00:00" testType="13cdc9d9-ddb5-4fa4-a97d-d965ccfc6d4b" outcome="Failed" testListId="8c84fa94-04c1-424b-9868-57a2d4851a1d" relativeResultsDirectory="7435d81d-0e5b-43ac-b4af-e1403c77c908">
      <Output>
        <ErrorInfo>
          <Message>System.ClientModel.ClientResultException : Service request failed.
Status: 400 (Bad Request)
</Message>
          <StackTrace>   at Encode.Duration.ClientPipelineExtensions.ProcessMessageAsync(ClientPipeline pipeline, PipelineMessage message, RequestOptions options) in /home/joheredi/dev/http-client-csharp/temp/e2e/Spector/http/encode/duration/src/Generated/Internal/ClientPipelineExtensions.cs:line 19
   at Encode.Duration._Query.Query.FloatSecondsAsync(TimeSpan input, RequestOptions options) in /home/joheredi/dev/http-client-csharp/temp/e2e/Spector/http/encode/duration/src/Generated/Query.cs:line 567
   at Encode.Duration._Query.Query.FloatSecondsAsync(TimeSpan input, CancellationToken cancellationToken) in /home/joheredi/dev/http-client-csharp/temp/e2e/Spector/http/encode/duration/src/Generated/Query.cs:line 141
   at TestProjects.Spector.Tests.Http.Encode.Duration.EncodeDurationTests.&lt;&gt;c.&lt;&lt;QueryFloatSeconds&gt;b__23_0&gt;d.MoveNext() in /home/joheredi/dev/http-client-csharp/submodules/typespec/packages/http-client-csharp/generator/TestProjects/Spector.Tests/Http/Encode/Duration/EncodeDurationTest.cs:line 239
--- End of stack trace from previous location ---
   at TestProjects.Spector.Tests.SpectorTestBase.Test(Func`2 test) in /home/joheredi/dev/http-client-csharp/submodules/typespec/packages/http-client-csharp/generator/TestProjects/Spector.Tests/SpectorTestBase.cs:line 17
   at TestProjects.Spector.Tests.SpectorTestBase.Test(Func`2 test) in /home/joheredi/dev/http-client-csharp/submodules/typespec/packages/http-client-csharp/generator/TestProjects/Spector.Tests/SpectorTestBase.cs:line 30
   at NUnit.Framework.Internal.TaskAwaitAdapter.GenericAdapter`1.BlockUntilCompleted()
   at NUnit.Framework.Internal.MessagePumpStrategy.NoMessagePumpStrategy.WaitForCompletion(AwaitAdapter awaiter)
   at NUnit.Framework.Internal.AsyncToSyncAdapter.Await(Func`1 invoke)
   at NUnit.Framework.Internal.Commands.TestMethodCommand.RunTestMethod(TestExecutionContext context)
   at NUnit.Framework.Internal.Commands.TestMethodCommand.Execute(TestExecutionContext context)
   at NUnit.Framework.Internal.Execution.SimpleWorkItem.&lt;&gt;c__DisplayClass4_0.&lt;PerformWork&gt;b__0()
   at NUnit.Framework.Internal.ContextUtils.&lt;&gt;c__DisplayClass1_0`1.&lt;DoIsolated&gt;b__0(Object _)
   at System.Threading.ExecutionContext.RunInternal(ExecutionContext executionContext, ContextCallback callback, Object state)
--- End of stack trace from previous location ---
   at System.Threading.ExecutionContext.RunInternal(ExecutionContext executionContext, ContextCallback callback, Object state)
   at NUnit.Framework.Internal.ContextUtils.DoIsolated(ContextCallback callback, Object state)
   at NUnit.Framework.Internal.ContextUtils.DoIsolated[T](Func`1 func)
   at NUnit.Framework.Internal.Execution.SimpleWorkItem.PerformWork()
</StackTrace>
        </ErrorInfo>
      </Output>
    </UnitTestResult>
    <UnitTestResult executionId="4e2dc981-b4d8-49dc-be2c-d28cb4cb627d" testId="c21c019c-13b4-8f59-465b-b6caa0cdd69e" testName="QueryISO8601" computerName="CPC-joher-IBDXZ" duration="00:00:00.0033270" startTime="2026-03-06T04:10:36.3049108+00:00" endTime="2026-03-06T04:10:36.3082379+00:00" testType="13cdc9d9-ddb5-4fa4-a97d-d965ccfc6d4b" outcome="Passed" testListId="8c84fa94-04c1-424b-9868-57a2d4851a1d" relativeResultsDirectory="4e2dc981-b4d8-49dc-be2c-d28cb4cb627d" />
    <UnitTestResult executionId="f7a3a881-504a-486f-8b62-eedf6873de59" testId="a9170d14-87a3-0a5f-b2d1-6cbe1b613feb" testName="PutModel" computerName="CPC-joher-IBDXZ" duration="00:00:00.0052960" startTime="2026-03-06T04:10:35.7855732+00:00" endTime="2026-03-06T04:10:35.7908692+00:00" testType="13cdc9d9-ddb5-4fa4-a97d-d965ccfc6d4b" outcome="Passed" testListId="8c84fa94-04c1-424b-9868-57a2d4851a1d" relativeResultsDirectory="f7a3a881-504a-486f-8b62-eedf6873de59" />
    <UnitTestResult executionId="29647af0-6976-4351-938c-b9c52e4e6cc0" testId="54b5e0c0-6326-88ed-67fd-17e73621530c" testName="PropertyInt32MillisecondsLargerUnitConvenience" computerName="CPC-joher-IBDXZ" duration="00:00:00.0058330" startTime="2026-03-06T04:10:36.2273229+00:00" endTime="2026-03-06T04:10:36.2331553+00:00" testType="13cdc9d9-ddb5-4fa4-a97d-d965ccfc6d4b" outcome="Passed" testListId="8c84fa94-04c1-424b-9868-57a2d4851a1d" relativeResultsDirectory="29647af0-6976-4351-938c-b9c52e4e6cc0" />
    <UnitTestResult executionId="6c423ee7-3d41-40d3-8038-25bb0a824346" testId="7d25e8df-adc0-9907-99b9-b383c6a9ce4c" testName="Versioning_RenamedFrom_NewOp" computerName="CPC-joher-IBDXZ" duration="00:00:00.0045750" startTime="2026-03-06T04:10:36.7242976+00:00" endTime="2026-03-06T04:10:36.7288726+00:00" testType="13cdc9d9-ddb5-4fa4-a97d-d965ccfc6d4b" outcome="Failed" testListId="8c84fa94-04c1-424b-9868-57a2d4851a1d" relativeResultsDirectory="6c423ee7-3d41-40d3-8038-25bb0a824346">
      <Output>
        <ErrorInfo>
          <Message>System.ClientModel.ClientResultException : Service request failed.
Status: 404 (Not Found)
</Message>
          <StackTrace>   at Versioning.RenamedFrom.ClientPipelineExtensions.ProcessMessageAsync(ClientPipeline pipeline, PipelineMessage message, RequestOptions options) in /home/joheredi/dev/http-client-csharp/temp/e2e/Spector/http/versioning/renamedFrom/v2/src/Generated/Internal/ClientPipelineExtensions.cs:line 19
   at Versioning.RenamedFrom.RenamedFromClient.NewOpAsync(String newQuery, BinaryContent content, RequestOptions options) in /home/joheredi/dev/http-client-csharp/temp/e2e/Spector/http/versioning/renamedFrom/v2/src/Generated/RenamedFromClient.cs:line 138
   at Versioning.RenamedFrom.RenamedFromClient.NewOpAsync(String newQuery, NewModel body, CancellationToken cancellationToken) in /home/joheredi/dev/http-client-csharp/temp/e2e/Spector/http/versioning/renamedFrom/v2/src/Generated/RenamedFromClient.cs:line 85
   at TestProjects.Spector.Tests.Http.Versioning.RenamedFrom.V2.VersioningRenamedFromTests.&lt;&gt;c.&lt;&lt;Versioning_RenamedFrom_NewOp&gt;b__1_0&gt;d.MoveNext() in /home/joheredi/dev/http-client-csharp/submodules/typespec/packages/http-client-csharp/generator/TestProjects/Spector.Tests/Http/Versioning/RenamedFrom/V2/VersioningRenamedFromV2Tests.cs:line 62
--- End of stack trace from previous location ---
   at TestProjects.Spector.Tests.SpectorTestBase.Test(Func`2 test) in /home/joheredi/dev/http-client-csharp/submodules/typespec/packages/http-client-csharp/generator/TestProjects/Spector.Tests/SpectorTestBase.cs:line 17
   at TestProjects.Spector.Tests.SpectorTestBase.Test(Func`2 test) in /home/joheredi/dev/http-client-csharp/submodules/typespec/packages/http-client-csharp/generator/TestProjects/Spector.Tests/SpectorTestBase.cs:line 30
   at NUnit.Framework.Internal.TaskAwaitAdapter.GenericAdapter`1.BlockUntilCompleted()
   at NUnit.Framework.Internal.MessagePumpStrategy.NoMessagePumpStrategy.WaitForCompletion(AwaitAdapter awaiter)
   at NUnit.Framework.Internal.AsyncToSyncAdapter.Await(Func`1 invoke)
   at NUnit.Framework.Internal.Commands.TestMethodCommand.RunTestMethod(TestExecutionContext context)
   at NUnit.Framework.Internal.Commands.TestMethodCommand.Execute(TestExecutionContext context)
   at NUnit.Framework.Internal.Execution.SimpleWorkItem.&lt;&gt;c__DisplayClass4_0.&lt;PerformWork&gt;b__0()
   at NUnit.Framework.Internal.ContextUtils.&lt;&gt;c__DisplayClass1_0`1.&lt;DoIsolated&gt;b__0(Object _)
   at System.Threading.ExecutionContext.RunInternal(ExecutionContext executionContext, ContextCallback callback, Object state)
--- End of stack trace from previous location ---
   at System.Threading.ExecutionContext.RunInternal(ExecutionContext executionContext, ContextCallback callback, Object state)
   at NUnit.Framework.Internal.ContextUtils.DoIsolated(ContextCallback callback, Object state)
   at NUnit.Framework.Internal.ContextUtils.DoIsolated[T](Func`1 func)
   at NUnit.Framework.Internal.Execution.SimpleWorkItem.PerformWork()
</StackTrace>
        </ErrorInfo>
      </Output>
    </UnitTestResult>
    <UnitTestResult executionId="40cccb78-5765-4cdb-9d35-175e4938a7b6" testId="c6f5518f-ecee-7746-6e2f-da7af2e6d560" testName="GetModelWithText" computerName="CPC-joher-IBDXZ" duration="00:00:00.0048560" startTime="2026-03-06T04:10:36.4656271+00:00" endTime="2026-03-06T04:10:36.4704828+00:00" testType="13cdc9d9-ddb5-4fa4-a97d-d965ccfc6d4b" outcome="Passed" testListId="8c84fa94-04c1-424b-9868-57a2d4851a1d" relativeResultsDirectory="40cccb78-5765-4cdb-9d35-175e4938a7b6" />
    <UnitTestResult executionId="248ab0e6-936f-4607-ba8d-ad5cb10c5265" testId="b22113a3-3aa1-cf9e-822c-f0fa7b1873a5" testName="GetModelWithRenamedFields" computerName="CPC-joher-IBDXZ" duration="00:00:00.0051180" startTime="2026-03-06T04:10:36.4555202+00:00" endTime="2026-03-06T04:10:36.4606380+00:00" testType="13cdc9d9-ddb5-4fa4-a97d-d965ccfc6d4b" outcome="Passed" testListId="8c84fa94-04c1-424b-9868-57a2d4851a1d" relativeResultsDirectory="248ab0e6-936f-4607-ba8d-ad5cb10c5265" />
    <UnitTestResult executionId="3dabce9a-e8d5-47e2-949d-ce327f67290c" testId="71a3f278-4e06-bcd6-15b2-decc17b9c579" testName="OptionalPathParamIncluded(False)" computerName="CPC-joher-IBDXZ" duration="00:00:00.0350340" startTime="2026-03-06T04:10:36.3710188+00:00" endTime="2026-03-06T04:10:36.4060522+00:00" testType="13cdc9d9-ddb5-4fa4-a97d-d965ccfc6d4b" outcome="Failed" testListId="8c84fa94-04c1-424b-9868-57a2d4851a1d" relativeResultsDirectory="3dabce9a-e8d5-47e2-949d-ce327f67290c">
      <Output>
        <ErrorInfo>
          <Message>System.ClientModel.ClientResultException : Service request failed.
Status: 404 (Not Found)
</Message>
          <StackTrace>   at Parameters.Path.ClientPipelineExtensions.ProcessMessageAsync(ClientPipeline pipeline, PipelineMessage message, RequestOptions options) in /home/joheredi/dev/http-client-csharp/temp/e2e/Spector/http/parameters/path/src/Generated/Internal/ClientPipelineExtensions.cs:line 19
   at Parameters.Path.PathClient.OptionalAsync(String name, RequestOptions options) in /home/joheredi/dev/http-client-csharp/temp/e2e/Spector/http/parameters/path/src/Generated/PathClient.cs:line 188
   at Parameters.Path.PathClient.OptionalAsync(String name, CancellationToken cancellationToken) in /home/joheredi/dev/http-client-csharp/temp/e2e/Spector/http/parameters/path/src/Generated/PathClient.cs:line 100
   at TestProjects.Spector.Tests.Http.Parameters.Path.PathTests.&lt;&gt;c__DisplayClass1_0.&lt;&lt;OptionalPathParamIncluded&gt;b__0&gt;d.MoveNext() in /home/joheredi/dev/http-client-csharp/submodules/typespec/packages/http-client-csharp/generator/TestProjects/Spector.Tests/Http/Parameters/Path/PathTests.cs:line 35
--- End of stack trace from previous location ---
   at TestProjects.Spector.Tests.SpectorTestBase.Test(Func`2 test) in /home/joheredi/dev/http-client-csharp/submodules/typespec/packages/http-client-csharp/generator/TestProjects/Spector.Tests/SpectorTestBase.cs:line 17
   at TestProjects.Spector.Tests.SpectorTestBase.Test(Func`2 test) in /home/joheredi/dev/http-client-csharp/submodules/typespec/packages/http-client-csharp/generator/TestProjects/Spector.Tests/SpectorTestBase.cs:line 30
   at NUnit.Framework.Internal.TaskAwaitAdapter.GenericAdapter`1.BlockUntilCompleted()
   at NUnit.Framework.Internal.MessagePumpStrategy.NoMessagePumpStrategy.WaitForCompletion(AwaitAdapter awaiter)
   at NUnit.Framework.Internal.AsyncToSyncAdapter.Await(Func`1 invoke)
   at NUnit.Framework.Internal.Commands.TestMethodCommand.RunTestMethod(TestExecutionContext context)
   at NUnit.Framework.Internal.Commands.TestMethodCommand.Execute(TestExecutionContext context)
   at NUnit.Framework.Internal.Execution.SimpleWorkItem.&lt;&gt;c__DisplayClass4_0.&lt;PerformWork&gt;b__0()
   at NUnit.Framework.Internal.ContextUtils.&lt;&gt;c__DisplayClass1_0`1.&lt;DoIsolated&gt;b__0(Object _)
   at System.Threading.ExecutionContext.RunInternal(ExecutionContext executionContext, ContextCallback callback, Object state)
--- End of stack trace from previous location ---
   at System.Threading.ExecutionContext.RunInternal(ExecutionContext executionContext, ContextCallback callback, Object state)
   at NUnit.Framework.Internal.ContextUtils.DoIsolated(ContextCallback callback, Object state)
   at NUnit.Framework.Internal.ContextUtils.DoIsolated[T](Func`1 func)
   at NUnit.Framework.Internal.Execution.SimpleWorkItem.PerformWork()
</StackTrace>
        </ErrorInfo>
      </Output>
    </UnitTestResult>
    <UnitTestResult executionId="e707121f-f3e8-4d78-af19-e28bbc3dc038" testId="6bf86365-35da-d5c5-c94f-f567bd8688b3" testName="PropertyFloat64MillisecondsConvenience" computerName="CPC-joher-IBDXZ" duration="00:00:00.0064380" startTime="2026-03-06T04:10:36.1363580+00:00" endTime="2026-03-06T04:10:36.1427956+00:00" testType="13cdc9d9-ddb5-4fa4-a97d-d965ccfc6d4b" outcome="Passed" testListId="8c84fa94-04c1-424b-9868-57a2d4851a1d" relativeResultsDirectory="e707121f-f3e8-4d78-af19-e28bbc3dc038" />
    <UnitTestResult executionId="232f59be-8c13-4743-846c-a5f1178b49de" testId="f319fa7c-9a5c-aae5-52be-85059df5b4f0" testName="ImplicitBodySimple" computerName="CPC-joher-IBDXZ" duration="00:00:00.0114400" startTime="2026-03-06T04:10:36.3178199+00:00" endTime="2026-03-06T04:10:36.3292592+00:00" testType="13cdc9d9-ddb5-4fa4-a97d-d965ccfc6d4b" outcome="Passed" testListId="8c84fa94-04c1-424b-9868-57a2d4851a1d" relativeResultsDirectory="232f59be-8c13-4743-846c-a5f1178b49de" />
    <UnitTestResult executionId="c7a83bd8-4fc8-40eb-974b-83df3c3a4a9c" testId="a3feb437-61db-2fe0-4737-259f507ebe40" testName="HeaderISO8601Array" computerName="CPC-joher-IBDXZ" duration="00:00:00.0047640" startTime="2026-03-06T04:10:36.0777109+00:00" endTime="2026-03-06T04:10:36.0824740+00:00" testType="13cdc9d9-ddb5-4fa4-a97d-d965ccfc6d4b" outcome="Failed" testListId="8c84fa94-04c1-424b-9868-57a2d4851a1d" relativeResultsDirectory="c7a83bd8-4fc8-40eb-974b-83df3c3a4a9c">
      <Output>
        <ErrorInfo>
          <Message>System.ClientModel.ClientResultException : Service request failed.
Status: 400 (Bad Request)
</Message>
          <StackTrace>   at Encode.Duration.ClientPipelineExtensions.ProcessMessageAsync(ClientPipeline pipeline, PipelineMessage message, RequestOptions options) in /home/joheredi/dev/http-client-csharp/temp/e2e/Spector/http/encode/duration/src/Generated/Internal/ClientPipelineExtensions.cs:line 19
   at Encode.Duration._Header.Header.Iso8601ArrayAsync(IEnumerable`1 duration, RequestOptions options) in /home/joheredi/dev/http-client-csharp/temp/e2e/Spector/http/encode/duration/src/Generated/Header.cs:line 489
   at Encode.Duration._Header.Header.Iso8601ArrayAsync(IEnumerable`1 duration, CancellationToken cancellationToken) in /home/joheredi/dev/http-client-csharp/temp/e2e/Spector/http/encode/duration/src/Generated/Header.cs:line 105
   at TestProjects.Spector.Tests.Http.Encode.Duration.EncodeDurationTests.&lt;&gt;c.&lt;&lt;HeaderISO8601Array&gt;b__7_0&gt;d.MoveNext() in /home/joheredi/dev/http-client-csharp/submodules/typespec/packages/http-client-csharp/generator/TestProjects/Spector.Tests/Http/Encode/Duration/EncodeDurationTest.cs:line 78
--- End of stack trace from previous location ---
   at TestProjects.Spector.Tests.SpectorTestBase.Test(Func`2 test) in /home/joheredi/dev/http-client-csharp/submodules/typespec/packages/http-client-csharp/generator/TestProjects/Spector.Tests/SpectorTestBase.cs:line 17
   at TestProjects.Spector.Tests.SpectorTestBase.Test(Func`2 test) in /home/joheredi/dev/http-client-csharp/submodules/typespec/packages/http-client-csharp/generator/TestProjects/Spector.Tests/SpectorTestBase.cs:line 30
   at NUnit.Framework.Internal.TaskAwaitAdapter.GenericAdapter`1.BlockUntilCompleted()
   at NUnit.Framework.Internal.MessagePumpStrategy.NoMessagePumpStrategy.WaitForCompletion(AwaitAdapter awaiter)
   at NUnit.Framework.Internal.AsyncToSyncAdapter.Await(Func`1 invoke)
   at NUnit.Framework.Internal.Commands.TestMethodCommand.RunTestMethod(TestExecutionContext context)
   at NUnit.Framework.Internal.Commands.TestMethodCommand.Execute(TestExecutionContext context)
   at NUnit.Framework.Internal.Execution.SimpleWorkItem.&lt;&gt;c__DisplayClass4_0.&lt;PerformWork&gt;b__0()
   at NUnit.Framework.Internal.ContextUtils.&lt;&gt;c__DisplayClass1_0`1.&lt;DoIsolated&gt;b__0(Object _)
   at System.Threading.ExecutionContext.RunInternal(ExecutionContext executionContext, ContextCallback callback, Object state)
--- End of stack trace from previous location ---
   at System.Threading.ExecutionContext.RunInternal(ExecutionContext executionContext, ContextCallback callback, Object state)
   at NUnit.Framework.Internal.ContextUtils.DoIsolated(ContextCallback callback, Object state)
   at NUnit.Framework.Internal.ContextUtils.DoIsolated[T](Func`1 func)
   at NUnit.Framework.Internal.Execution.SimpleWorkItem.PerformWork()
</StackTrace>
        </ErrorInfo>
      </Output>
    </UnitTestResult>
    <UnitTestResult executionId="96d22d6d-2d98-4960-84a1-68832e295c82" testId="e92164a1-7d8b-72a5-6dc2-8f889b63d9f9" testName="QueryDefault" computerName="CPC-joher-IBDXZ" duration="00:00:00.0045240" startTime="2026-03-06T04:10:35.9784734+00:00" endTime="2026-03-06T04:10:35.9829970+00:00" testType="13cdc9d9-ddb5-4fa4-a97d-d965ccfc6d4b" outcome="Passed" testListId="8c84fa94-04c1-424b-9868-57a2d4851a1d" relativeResultsDirectory="96d22d6d-2d98-4960-84a1-68832e295c82" />
    <UnitTestResult executionId="13dae069-ee25-42a0-a63a-3afb539e7e5e" testId="1815eb57-930c-b674-7dd0-df74abc09599" testName="PropertyFloatSecondsLargerUnitConvenience" computerName="CPC-joher-IBDXZ" duration="00:00:00.0048459" startTime="2026-03-06T04:10:36.2105029+00:00" endTime="2026-03-06T04:10:36.2153490+00:00" testType="13cdc9d9-ddb5-4fa4-a97d-d965ccfc6d4b" outcome="Passed" testListId="8c84fa94-04c1-424b-9868-57a2d4851a1d" relativeResultsDirectory="13dae069-ee25-42a0-a63a-3afb539e7e5e" />
    <UnitTestResult executionId="1e293fa1-f16b-48ad-a057-bd9f8f78fa8a" testId="7707261b-80ab-993f-585f-7948574b6ad3" testName="PropertyFloatSecondsArray" computerName="CPC-joher-IBDXZ" duration="00:00:00.0062500" startTime="2026-03-06T04:10:36.1909279+00:00" endTime="2026-03-06T04:10:36.1971779+00:00" testType="13cdc9d9-ddb5-4fa4-a97d-d965ccfc6d4b" outcome="Passed" testListId="8c84fa94-04c1-424b-9868-57a2d4851a1d" relativeResultsDirectory="1e293fa1-f16b-48ad-a057-bd9f8f78fa8a" />
    <UnitTestResult executionId="66bf5f8c-e784-4002-a25f-233f8d10e654" testId="57cce0f4-c51d-182a-3bcf-52f5936739fa" testName="GetModelWithSimpleArrays" computerName="CPC-joher-IBDXZ" duration="00:00:00.0048490" startTime="2026-03-06T04:10:36.4607074+00:00" endTime="2026-03-06T04:10:36.4655559+00:00" testType="13cdc9d9-ddb5-4fa4-a97d-d965ccfc6d4b" outcome="Passed" testListId="8c84fa94-04c1-424b-9868-57a2d4851a1d" relativeResultsDirectory="66bf5f8c-e784-4002-a25f-233f8d10e654" />
    <UnitTestResult executionId="8da849e6-702a-485c-9e8a-bfe2542e10dd" testId="081078bb-72b1-f3b7-2a66-3f01b1f2330b" testName="PutRecursiveModel" computerName="CPC-joher-IBDXZ" duration="00:00:00.0013900" startTime="2026-03-06T04:10:35.7909345+00:00" endTime="2026-03-06T04:10:35.7923238+00:00" testType="13cdc9d9-ddb5-4fa4-a97d-d965ccfc6d4b" outcome="Failed" testListId="8c84fa94-04c1-424b-9868-57a2d4851a1d" relativeResultsDirectory="8da849e6-702a-485c-9e8a-bfe2542e10dd">
      <Output>
        <ErrorInfo>
          <Message>System.NullReferenceException : Object reference not set to an instance of an object.</Message>
          <StackTrace>   at TestProjects.Spector.Tests.Http._Type.Model.Inheritance.SingleDiscriminator.SingleDiscriminatorTests.&lt;&gt;c.&lt;&lt;PutRecursiveModel&gt;b__3_0&gt;d.MoveNext() in /home/joheredi/dev/http-client-csharp/submodules/typespec/packages/http-client-csharp/generator/TestProjects/Spector.Tests/Http/_Type/Model/Inheritance/SingleDiscriminator/SingleDiscriminatorTests.cs:line 53
--- End of stack trace from previous location ---
   at TestProjects.Spector.Tests.SpectorTestBase.Test(Func`2 test) in /home/joheredi/dev/http-client-csharp/submodules/typespec/packages/http-client-csharp/generator/TestProjects/Spector.Tests/SpectorTestBase.cs:line 17
   at TestProjects.Spector.Tests.SpectorTestBase.Test(Func`2 test) in /home/joheredi/dev/http-client-csharp/submodules/typespec/packages/http-client-csharp/generator/TestProjects/Spector.Tests/SpectorTestBase.cs:line 30
   at NUnit.Framework.Internal.TaskAwaitAdapter.GenericAdapter`1.GetResult()
   at NUnit.Framework.Internal.AsyncToSyncAdapter.Await(Func`1 invoke)
   at NUnit.Framework.Internal.Commands.TestMethodCommand.RunTestMethod(TestExecutionContext context)
   at NUnit.Framework.Internal.Commands.TestMethodCommand.Execute(TestExecutionContext context)
   at NUnit.Framework.Internal.Execution.SimpleWorkItem.&lt;&gt;c__DisplayClass4_0.&lt;PerformWork&gt;b__0()
   at NUnit.Framework.Internal.ContextUtils.&lt;&gt;c__DisplayClass1_0`1.&lt;DoIsolated&gt;b__0(Object _)
   at System.Threading.ExecutionContext.RunInternal(ExecutionContext executionContext, ContextCallback callback, Object state)
--- End of stack trace from previous location ---
   at System.Threading.ExecutionContext.RunInternal(ExecutionContext executionContext, ContextCallback callback, Object state)
   at NUnit.Framework.Internal.ContextUtils.DoIsolated(ContextCallback callback, Object state)
   at NUnit.Framework.Internal.ContextUtils.DoIsolated[T](Func`1 func)
   at NUnit.Framework.Internal.Execution.SimpleWorkItem.PerformWork()
</StackTrace>
        </ErrorInfo>
      </Output>
    </UnitTestResult>
    <UnitTestResult executionId="0da2c164-917b-4355-ae97-76f13544c6d1" testId="608b3a32-490d-e7e0-2eec-4b0400a24a32" testName="GetModelWithUnwrappedArray" computerName="CPC-joher-IBDXZ" duration="00:00:00.0051700" startTime="2026-03-06T04:10:36.4705514+00:00" endTime="2026-03-06T04:10:36.4757217+00:00" testType="13cdc9d9-ddb5-4fa4-a97d-d965ccfc6d4b" outcome="Passed" testListId="8c84fa94-04c1-424b-9868-57a2d4851a1d" relativeResultsDirectory="0da2c164-917b-4355-ae97-76f13544c6d1" />
    <UnitTestResult executionId="226eaf1c-2fda-4934-bf23-8b897535841a" testId="470ae0d3-7ffa-eba4-640d-dbc1a4ed0c02" testName="PutModelWithEncodedNames" computerName="CPC-joher-IBDXZ" duration="00:00:00.0081600" startTime="2026-03-06T04:10:36.5049886+00:00" endTime="2026-03-06T04:10:36.5131487+00:00" testType="13cdc9d9-ddb5-4fa4-a97d-d965ccfc6d4b" outcome="Failed" testListId="8c84fa94-04c1-424b-9868-57a2d4851a1d" relativeResultsDirectory="226eaf1c-2fda-4934-bf23-8b897535841a">
      <Output>
        <ErrorInfo>
          <Message>System.NullReferenceException : Object reference not set to an instance of an object.</Message>
          <StackTrace>   at Payload.Xml.ModelWithEncodedNames.XmlModelWriteCore(XmlWriter writer, ModelReaderWriterOptions options) in /home/joheredi/dev/http-client-csharp/temp/e2e/Spector/http/payload/xml/src/Generated/Models/ModelWithEncodedNames.Serialization.cs:line 132
   at Payload.Xml.ModelWithEncodedNames.WriteXml(XmlWriter writer, ModelReaderWriterOptions options, String nameHint) in /home/joheredi/dev/http-client-csharp/temp/e2e/Spector/http/payload/xml/src/Generated/Models/ModelWithEncodedNames.Serialization.cs:line 110
   at Payload.Xml.ModelWithEncodedNames.PersistableModelWriteCore(ModelReaderWriterOptions options) in /home/joheredi/dev/http-client-csharp/temp/e2e/Spector/http/payload/xml/src/Generated/Models/ModelWithEncodedNames.Serialization.cs:line 51
   at Payload.Xml.ModelWithEncodedNames.System.ClientModel.Primitives.IPersistableModel&lt;Payload.Xml.ModelWithEncodedNames&gt;.Write(ModelReaderWriterOptions options) in /home/joheredi/dev/http-client-csharp/temp/e2e/Spector/http/payload/xml/src/Generated/Models/ModelWithEncodedNames.Serialization.cs:line 68
   at System.ClientModel.BinaryContent.ModelBinaryContent`1.get_Data()
   at System.ClientModel.BinaryContent.ModelBinaryContent`1.TryComputeLength(Int64&amp; length)
   at System.ClientModel.Primitives.HttpClientPipelineTransport.HttpPipelineRequest.MessageBodyAdapter.TryComputeLength(Int64&amp; length)
   at System.Net.Http.HttpContent.GetComputedOrBufferLength()
   at System.Net.Http.Headers.HttpContentHeaders.get_ContentLength()
   at System.Net.Http.SocketsHttpHandler.ValidateAndNormalizeRequest(HttpRequestMessage request)
   at System.Net.Http.SocketsHttpHandler.SendAsync(HttpRequestMessage request, CancellationToken cancellationToken)
   at System.Net.Http.HttpClient.&lt;SendAsync&gt;g__Core|83_0(HttpRequestMessage request, HttpCompletionOption completionOption, CancellationTokenSource cts, Boolean disposeCts, CancellationTokenSource pendingRequestsCts, CancellationToken originalCancellationToken)
   at System.ClientModel.Primitives.HttpClientPipelineTransport.ProcessSyncOrAsync(PipelineMessage message, Boolean async)
   at System.ClientModel.Primitives.HttpClientPipelineTransport.ProcessCoreAsync(PipelineMessage message)
   at System.ClientModel.Primitives.PipelineTransport.ProcessSyncOrAsync(PipelineMessage message, Boolean async)
   at System.ClientModel.Primitives.PipelineTransport.ProcessAsync(PipelineMessage message)
   at System.ClientModel.Primitives.PipelineTransport.ProcessAsync(PipelineMessage message, IReadOnlyList`1 pipeline, Int32 currentIndex)
   at System.ClientModel.Primitives.PipelinePolicy.ProcessNextAsync(PipelineMessage message, IReadOnlyList`1 pipeline, Int32 currentIndex)
   at System.ClientModel.Primitives.MessageLoggingPolicy.ProcessSyncOrAsync(PipelineMessage message, IReadOnlyList`1 pipeline, Int32 currentIndex, Boolean async)
   at System.ClientModel.Primitives.MessageLoggingPolicy.ProcessAsync(PipelineMessage message, IReadOnlyList`1 pipeline, Int32 currentIndex)
   at System.ClientModel.Primitives.PipelinePolicy.ProcessNextAsync(PipelineMessage message, IReadOnlyList`1 pipeline, Int32 currentIndex)
   at System.ClientModel.Primitives.UserAgentPolicy.ProcessAsync(PipelineMessage message, IReadOnlyList`1 pipeline, Int32 currentIndex)
   at System.ClientModel.Primitives.PipelinePolicy.ProcessNextAsync(PipelineMessage message, IReadOnlyList`1 pipeline, Int32 currentIndex)
   at System.ClientModel.Primitives.ClientRetryPolicy.ProcessSyncOrAsync(PipelineMessage message, IReadOnlyList`1 pipeline, Int32 currentIndex, Boolean async)
   at System.ClientModel.Primitives.ClientRetryPolicy.ProcessSyncOrAsync(PipelineMessage message, IReadOnlyList`1 pipeline, Int32 currentIndex, Boolean async)
   at System.ClientModel.Primitives.ClientRetryPolicy.ProcessAsync(PipelineMessage message, IReadOnlyList`1 pipeline, Int32 currentIndex)
   at System.ClientModel.Primitives.ClientPipeline.SendAsync(PipelineMessage message)
   at Payload.Xml.ClientPipelineExtensions.ProcessMessageAsync(ClientPipeline pipeline, PipelineMessage message, RequestOptions options) in /home/joheredi/dev/http-client-csharp/temp/e2e/Spector/http/payload/xml/src/Generated/Internal/ClientPipelineExtensions.cs:line 15
   at Payload.Xml.ModelWithEncodedNamesValue.PutAsync(BinaryContent content, RequestOptions options) in /home/joheredi/dev/http-client-csharp/temp/e2e/Spector/http/payload/xml/src/Generated/ModelWithEncodedNamesValue.cs:line 156
   at Payload.Xml.ModelWithEncodedNamesValue.PutAsync(ModelWithEncodedNames input, CancellationToken cancellationToken) in /home/joheredi/dev/http-client-csharp/temp/e2e/Spector/http/payload/xml/src/Generated/ModelWithEncodedNamesValue.cs:line 80
   at TestProjects.Spector.Tests.Http.Payload.Xml.XmlTests.&lt;&gt;c.&lt;&lt;PutModelWithEncodedNames&gt;b__23_0&gt;d.MoveNext() in /home/joheredi/dev/http-client-csharp/submodules/typespec/packages/http-client-csharp/generator/TestProjects/Spector.Tests/Http/Payload/Xml/XmlTests.cs:line 350
--- End of stack trace from previous location ---
   at TestProjects.Spector.Tests.SpectorTestBase.Test(Func`2 test) in /home/joheredi/dev/http-client-csharp/submodules/typespec/packages/http-client-csharp/generator/TestProjects/Spector.Tests/SpectorTestBase.cs:line 17
   at TestProjects.Spector.Tests.SpectorTestBase.Test(Func`2 test) in /home/joheredi/dev/http-client-csharp/submodules/typespec/packages/http-client-csharp/generator/TestProjects/Spector.Tests/SpectorTestBase.cs:line 30
   at NUnit.Framework.Internal.TaskAwaitAdapter.GenericAdapter`1.GetResult()
   at NUnit.Framework.Internal.AsyncToSyncAdapter.Await(Func`1 invoke)
   at NUnit.Framework.Internal.Commands.TestMethodCommand.RunTestMethod(TestExecutionContext context)
   at NUnit.Framework.Internal.Commands.TestMethodCommand.Execute(TestExecutionContext context)
   at NUnit.Framework.Internal.Execution.SimpleWorkItem.&lt;&gt;c__DisplayClass4_0.&lt;PerformWork&gt;b__0()
   at NUnit.Framework.Internal.ContextUtils.&lt;&gt;c__DisplayClass1_0`1.&lt;DoIsolated&gt;b__0(Object _)
   at System.Threading.ExecutionContext.RunInternal(ExecutionContext executionContext, ContextCallback callback, Object state)
--- End of stack trace from previous location ---
   at System.Threading.ExecutionContext.RunInternal(ExecutionContext executionContext, ContextCallback callback, Object state)
   at NUnit.Framework.Internal.ContextUtils.DoIsolated(ContextCallback callback, Object state)
   at NUnit.Framework.Internal.ContextUtils.DoIsolated[T](Func`1 func)
   at NUnit.Framework.Internal.Execution.SimpleWorkItem.PerformWork()
</StackTrace>
        </ErrorInfo>
      </Output>
    </UnitTestResult>
    <UnitTestResult executionId="4dd4632c-b84b-4a29-a0cd-29bc967f9291" testId="b3091982-83dc-e9d1-6a81-7e7f370bd3ee" testName="PutModelWithAttributes" computerName="CPC-joher-IBDXZ" duration="00:00:00.0091930" startTime="2026-03-06T04:10:36.4862755+00:00" endTime="2026-03-06T04:10:36.4954685+00:00" testType="13cdc9d9-ddb5-4fa4-a97d-d965ccfc6d4b" outcome="Passed" testListId="8c84fa94-04c1-424b-9868-57a2d4851a1d" relativeResultsDirectory="4dd4632c-b84b-4a29-a0cd-29bc967f9291" />
    <UnitTestResult executionId="8b8eb14c-0882-463a-a9ea-39ee19162b3d" testId="cabccd25-8a64-7683-e18d-06b1c4fb1e7a" testName="QueryFloatSecondsLargerUnit" computerName="CPC-joher-IBDXZ" duration="00:00:00.0000070" startTime="2026-03-06T04:10:36.2792565+00:00" endTime="2026-03-06T04:10:36.2792635+00:00" testType="13cdc9d9-ddb5-4fa4-a97d-d965ccfc6d4b" outcome="NotExecuted" testListId="8c84fa94-04c1-424b-9868-57a2d4851a1d" relativeResultsDirectory="8b8eb14c-0882-463a-a9ea-39ee19162b3d">
      <Output>
        <StdOut>https://github.com/microsoft/typespec/issues/8987</StdOut>
        <ErrorInfo>
          <Message>https://github.com/microsoft/typespec/issues/8987</Message>
        </ErrorInfo>
      </Output>
    </UnitTestResult>
    <UnitTestResult executionId="0af67bb5-7a5e-4dbc-b73a-3de8973bad52" testId="3faf0dbd-e686-81e1-cfa9-010cf73a8c53" testName="QueryCsv" computerName="CPC-joher-IBDXZ" duration="00:00:00.0065390" startTime="2026-03-06T04:10:36.3387276+00:00" endTime="2026-03-06T04:10:36.3452662+00:00" testType="13cdc9d9-ddb5-4fa4-a97d-d965ccfc6d4b" outcome="Passed" testListId="8c84fa94-04c1-424b-9868-57a2d4851a1d" relativeResultsDirectory="0af67bb5-7a5e-4dbc-b73a-3de8973bad52" />
[...]
    <TestEntry testId="b6c4cb77-010e-cffe-778c-3e1494727b6e" executionId="58ee5635-d445-45af-89cd-288f8e6022a5" testListId="8c84fa94-04c1-424b-9868-57a2d4851a1d" />
    <TestEntry testId="44ce8488-e01b-c376-c62e-cc2eae56127a" executionId="1f3813d6-2127-4c56-89dd-e1d47fffdb6f" testListId="8c84fa94-04c1-424b-9868-57a2d4851a1d" />
    <TestEntry testId="a51d6847-d971-a259-46cc-85f699897a42" executionId="2d0d58fc-6c82-4964-a8cc-0feddd5da260" testListId="8c84fa94-04c1-424b-9868-57a2d4851a1d" />
    <TestEntry testId="82e13371-870b-9212-423d-8b8588fe8871" executionId="213580b6-5ba9-45de-86c0-c0b8a3ad321b" testListId="8c84fa94-04c1-424b-9868-57a2d4851a1d" />
    <TestEntry testId="03ff0f63-5109-2a46-82a9-0bdaf6d65960" executionId="4b984973-d075-405b-92ec-a99b32ec0a34" testListId="8c84fa94-04c1-424b-9868-57a2d4851a1d" />
    <TestEntry testId="d92ba05f-d816-0a2a-3de7-50cf04e6b28d" executionId="397bf827-83b5-4cff-be87-24c463af4920" testListId="8c84fa94-04c1-424b-9868-57a2d4851a1d" />
    <TestEntry testId="b2704e3e-6c71-8b9a-cff5-678c3bf6ffae" executionId="08ab5109-773f-4476-8739-3eb2914ca764" testListId="8c84fa94-04c1-424b-9868-57a2d4851a1d" />
    <TestEntry testId="dfaf24a4-6126-e110-3d70-5b5c1bc46f6c" executionId="86c73b2f-9a7d-47f4-8c07-d64502cefc43" testListId="8c84fa94-04c1-424b-9868-57a2d4851a1d" />
    <TestEntry testId="e0d35e79-0565-23b1-5e83-e24e2581a1a9" executionId="ffd95ce1-4a91-45a8-9212-771e4864ef5b" testListId="8c84fa94-04c1-424b-9868-57a2d4851a1d" />
    <TestEntry testId="fd54d5e1-c104-94af-d51f-5f8f1297da48" executionId="41bce89e-70af-417e-a6e6-97e7b60e38ec" testListId="8c84fa94-04c1-424b-9868-57a2d4851a1d" />
    <TestEntry testId="118047de-5053-c8ac-0ea3-7c48961b701a" executionId="47d11545-a5d5-4ef2-b68b-c8d416870266" testListId="8c84fa94-04c1-424b-9868-57a2d4851a1d" />
    <TestEntry testId="0cb824a6-8f50-2e41-ca18-d8b3400c2666" executionId="f3578758-77c3-47da-95ef-f4fb824f115c" testListId="8c84fa94-04c1-424b-9868-57a2d4851a1d" />
    <TestEntry testId="640112e6-348d-f2c1-373f-de9036de8b9f" executionId="df749efb-dd92-4c60-9858-cf42ad9689f6" testListId="8c84fa94-04c1-424b-9868-57a2d4851a1d" />
    <TestEntry testId="6aa367ac-22e5-ee6c-fae7-b88dfe2975c4" executionId="3be846d2-e801-4e17-a6bf-44be8de9e7e6" testListId="8c84fa94-04c1-424b-9868-57a2d4851a1d" />
    <TestEntry testId="b35676e7-aa71-f1ab-aa4b-abb790e325ea" executionId="3a99f185-4a4a-4d72-8e64-8c88ccd2c2fe" testListId="8c84fa94-04c1-424b-9868-57a2d4851a1d" />
    <TestEntry testId="44b76b61-7ff9-420b-8aa4-f18aec496d19" executionId="a24b13ab-7c5b-4abf-be53-dbf2e39a0244" testListId="8c84fa94-04c1-424b-9868-57a2d4851a1d" />
    <TestEntry testId="a09e59c1-f7e9-ae10-f398-8c84911af1f2" executionId="dada916e-1a69-4ea3-91b3-db5d697c5a41" testListId="8c84fa94-04c1-424b-9868-57a2d4851a1d" />
    <TestEntry testId="89214b56-438b-236f-f7d9-45caa0841519" executionId="b0c528fa-196a-436d-8e1a-3f9e6997c9f3" testListId="8c84fa94-04c1-424b-9868-57a2d4851a1d" />
    <TestEntry testId="79f1693d-ce91-0912-e52d-0500a9aaf86f" executionId="1791a83d-bdca-4acb-a6e3-7ca6d800652a" testListId="8c84fa94-04c1-424b-9868-57a2d4851a1d" />
    <TestEntry testId="5112f611-9b41-27f3-714d-77d18c962136" executionId="570f7fbf-2f96-489b-b0f2-8c1b02b1dc23" testListId="8c84fa94-04c1-424b-9868-57a2d4851a1d" />
    <TestEntry testId="36a22306-4512-72e6-7654-05debdf97f37" executionId="877af1c1-f080-45d8-a4ad-202bdbebb40d" testListId="8c84fa94-04c1-424b-9868-57a2d4851a1d" />
    <TestEntry testId="3ac6b57b-ea8c-333d-ec1e-64b866f1ab00" executionId="4eca59c5-0f29-4f76-9bfb-40b81b3ce506" testListId="8c84fa94-04c1-424b-9868-57a2d4851a1d" />
    <TestEntry testId="43e68c41-3e83-70f8-8a66-07c8fabdd401" executionId="f852e06b-22a4-44ea-adfd-e14d0fe03222" testListId="8c84fa94-04c1-424b-9868-57a2d4851a1d" />
    <TestEntry testId="fcb08210-255e-0ea6-9e53-a02d90dde092" executionId="b5b253e4-8515-463a-97ae-107a33c27770" testListId="8c84fa94-04c1-424b-9868-57a2d4851a1d" />
    <TestEntry testId="58eb6765-48c4-0545-5e1d-ad57c58bbc30" executionId="5ef5b4f6-2cc4-4137-b0a6-9f816655afb5" testListId="8c84fa94-04c1-424b-9868-57a2d4851a1d" />
    <TestEntry testId="abc21cc1-2c80-c690-1617-ac591e302233" executionId="13328054-aac5-4766-a624-12c389063963" testListId="8c84fa94-04c1-424b-9868-57a2d4851a1d" />
    <TestEntry testId="1a4afb7f-c1e1-3815-fb5b-0f0030cbd99b" executionId="bc1178d4-95d7-4f94-9e52-6fd763674ba0" testListId="8c84fa94-04c1-424b-9868-57a2d4851a1d" />
    <TestEntry testId="df260b93-7b57-20a6-6f17-49ef08e52cf9" executionId="e743bd28-fea1-471b-b589-01dbbaa7be03" testListId="8c84fa94-04c1-424b-9868-57a2d4851a1d" />
    <TestEntry testId="fae509d5-7e0f-6ddf-8e3e-911a58c69086" executionId="1e3d778a-50fd-4cbd-a83d-81e35ca61c09" testListId="8c84fa94-04c1-424b-9868-57a2d4851a1d" />
    <TestEntry testId="1a44917d-5b24-f78c-0241-12049a5fa338" executionId="7a7c2a79-2544-48db-a17b-ae9017895993" testListId="8c84fa94-04c1-424b-9868-57a2d4851a1d" />
    <TestEntry testId="fe1d1eff-d7f1-9205-4cae-e64f83ffe520" executionId="631d681c-6038-4f35-b325-32a5d14a7dd5" testListId="8c84fa94-04c1-424b-9868-57a2d4851a1d" />
    <TestEntry testId="07566cad-2d70-3748-f5bd-f0c90d23b34b" executionId="59e84c0d-6b31-4854-b04b-ceac34893de4" testListId="8c84fa94-04c1-424b-9868-57a2d4851a1d" />
    <TestEntry testId="fefa2f40-6b06-34e6-787e-dc7452094797" executionId="17acb881-5cc1-40c4-9fa5-59830b00dd19" testListId="8c84fa94-04c1-424b-9868-57a2d4851a1d" />
    <TestEntry testId="f8c5fa52-eb74-899d-aa4d-c6d349f84d83" executionId="d2572f65-1607-4c87-aa19-563208fcbd8c" testListId="8c84fa94-04c1-424b-9868-57a2d4851a1d" />
    <TestEntry testId="820d1493-ea66-50e5-ed1f-c713e06bceae" executionId="7d6b95c2-c327-460a-af18-d33f8887a303" testListId="8c84fa94-04c1-424b-9868-57a2d4851a1d" />
    <TestEntry testId="6563e2a9-2378-b105-e893-d87573589d1f" executionId="f09d867a-acf3-4d80-8d38-af650c932ee8" testListId="8c84fa94-04c1-424b-9868-57a2d4851a1d" />
    <TestEntry testId="4b3e8ea4-16d2-5cf5-dab9-5ee60dca1c14" executionId="dfc530e8-9ae0-49f0-9b80-5d73e92b8809" testListId="8c84fa94-04c1-424b-9868-57a2d4851a1d" />
    <TestEntry testId="24dcb1a4-68a5-eedc-ed0e-c69553267ec0" executionId="9e94ff36-3a50-4019-91c8-4e68c4840e54" testListId="8c84fa94-04c1-424b-9868-57a2d4851a1d" />
    <TestEntry testId="0647c8ec-2eee-6ce7-628f-9efc8e849cd6" executionId="d40e4d75-8b17-4b80-87aa-aad4dafc4dd6" testListId="8c84fa94-04c1-424b-9868-57a2d4851a1d" />
    <TestEntry testId="4a392777-3197-32f5-9274-b12933a8d2c0" executionId="54d00dd4-6a3e-439c-ba48-924c13580ed9" testListId="8c84fa94-04c1-424b-9868-57a2d4851a1d" />
    <TestEntry testId="ee30fa7f-9e05-69a4-63de-c86c3755b5cc" executionId="276c7bfd-888f-4f8b-a57e-9435d1dac538" testListId="8c84fa94-04c1-424b-9868-57a2d4851a1d" />
    <TestEntry testId="fb5b1f98-8f0c-fd84-135b-3b1c801ed189" executionId="99008e62-748c-42cd-be5c-afec67d52403" testListId="8c84fa94-04c1-424b-9868-57a2d4851a1d" />
    <TestEntry testId="5bc0fd32-5c0b-eb3d-7efc-6665de853d34" executionId="572bfb46-22c2-4dea-9bee-209b57fe95c4" testListId="8c84fa94-04c1-424b-9868-57a2d4851a1d" />
    <TestEntry testId="1e65487e-2625-aeba-e262-dafadba317de" executionId="09eaa08b-f265-4a20-aebb-f74300f6bb74" testListId="8c84fa94-04c1-424b-9868-57a2d4851a1d" />
    <TestEntry testId="c7f73ddd-18cc-92ab-f9d5-9510397e06d3" executionId="fd3b1d5c-f7a5-4077-a682-ac2bdf94f89b" testListId="8c84fa94-04c1-424b-9868-57a2d4851a1d" />
    <TestEntry testId="81d44b54-34ca-2de9-343b-ca0808bf4f60" executionId="de56c8e4-7ac9-4ea5-9484-1fd4a7c3e761" testListId="8c84fa94-04c1-424b-9868-57a2d4851a1d" />
    <TestEntry testId="6bb42bd8-b5d9-3690-66bb-3d42155eddc9" executionId="21705b3a-7d60-4cb3-837a-54126bab5b5f" testListId="8c84fa94-04c1-424b-9868-57a2d4851a1d" />
    <TestEntry testId="4f87b9b0-862d-dbb7-5c8e-a2e45b808196" executionId="3f53fb7b-80ad-4caf-8753-b225c69948f6" testListId="8c84fa94-04c1-424b-9868-57a2d4851a1d" />
    <TestEntry testId="eb1c845c-ed9b-03cc-68b2-5afacbea7bbf" executionId="00c79436-4ef4-41e9-a880-6973fd910697" testListId="8c84fa94-04c1-424b-9868-57a2d4851a1d" />
    <TestEntry testId="955d9528-1909-db5a-343f-9288fc1db42b" executionId="335532d9-7efe-4c0f-9df2-ea19781ec12c" testListId="8c84fa94-04c1-424b-9868-57a2d4851a1d" />
    <TestEntry testId="17042531-aadc-6b2f-8e0b-2202e252d5f8" executionId="b503f38e-9d18-41f8-907c-edca2ebdc596" testListId="8c84fa94-04c1-424b-9868-57a2d4851a1d" />
    <TestEntry testId="6a9681e0-aa95-b49d-fde1-5b38a614a710" executionId="c3be011c-3781-45cd-8910-0b0aae04139c" testListId="8c84fa94-04c1-424b-9868-57a2d4851a1d" />
    <TestEntry testId="4283e6ea-e068-d1dd-6ab3-57c147e61688" executionId="deeaec2a-1c69-4614-b901-5755f103a257" testListId="8c84fa94-04c1-424b-9868-57a2d4851a1d" />
    <TestEntry testId="fb3e1cf8-268c-5c5b-a4c8-b89841f207ad" executionId="42a70e25-4d6e-4fe4-aac7-9587823bbfc5" testListId="8c84fa94-04c1-424b-9868-57a2d4851a1d" />
    <TestEntry testId="846c5404-a705-4b94-f9a8-ea28b3496420" executionId="d34a56c6-8a65-4e31-b503-9e68b5eb7bbc" testListId="8c84fa94-04c1-424b-9868-57a2d4851a1d" />
    <TestEntry testId="e06d2297-0ec2-1865-e807-13ecc36f3290" executionId="6fb8634e-a67a-46d0-9107-059f6104d156" testListId="8c84fa94-04c1-424b-9868-57a2d4851a1d" />
    <TestEntry testId="551b24e8-33aa-ab5f-9c01-e44ff5a95489" executionId="9641de5a-ba94-4fd2-b3d8-ce72edf4a445" testListId="8c84fa94-04c1-424b-9868-57a2d4851a1d" />
    <TestEntry testId="dab212e1-9e46-a72e-a3ee-c2e15d3e5a57" executionId="087d47af-ffa5-45b9-b6e2-16a604f54146" testListId="8c84fa94-04c1-424b-9868-57a2d4851a1d" />
    <TestEntry testId="ad1ebe86-0cd7-3bbd-51b0-204cfc4c87d2" executionId="0d2ede2e-f2b5-4f8a-8b29-52bcb3df9f3e" testListId="8c84fa94-04c1-424b-9868-57a2d4851a1d" />
    <TestEntry testId="0a4f620d-7841-7efc-965f-33afc4acfbc9" executionId="0d9278ff-1de2-41b0-bd8e-ffc82435407e" testListId="8c84fa94-04c1-424b-9868-57a2d4851a1d" />
    <TestEntry testId="2b09e824-dbfc-be27-6036-2827f8afb3a4" executionId="e37a0ce1-9969-4e65-8837-f199a861a120" testListId="8c84fa94-04c1-424b-9868-57a2d4851a1d" />
    <TestEntry testId="63295e35-bc0c-5c9f-3e8e-a3c6e4f0d52f" executionId="6c2f27c2-2169-44b7-b50b-82fb1e5db131" testListId="8c84fa94-04c1-424b-9868-57a2d4851a1d" />
    <TestEntry testId="7b18a99d-1033-4010-0d3e-fb8a1bda9d66" executionId="12d60a71-e78c-4fc5-b817-4804cf6e6d39" testListId="8c84fa94-04c1-424b-9868-57a2d4851a1d" />
    <TestEntry testId="a5839e70-b4ff-b85e-b628-30e8bfb9e51e" executionId="617a00cc-a449-4abe-8af2-7379ed04ee3e" testListId="8c84fa94-04c1-424b-9868-57a2d4851a1d" />
    <TestEntry testId="67b86f8d-74f9-1be8-c5e4-82d4f62f37de" executionId="c6e30256-600f-410a-9106-ac639a18c512" testListId="8c84fa94-04c1-424b-9868-57a2d4851a1d" />
    <TestEntry testId="65d6504a-76a6-5efb-d2ed-eed9ae7b8dcf" executionId="69c17dac-4522-41df-819e-1676ae7cee1d" testListId="8c84fa94-04c1-424b-9868-57a2d4851a1d" />
    <TestEntry testId="a71ee053-ce18-51d3-113d-e0d4e40802ba" executionId="bbf09cb4-bfaf-4ca8-b05f-7d0c54ed7cb8" testListId="8c84fa94-04c1-424b-9868-57a2d4851a1d" />
    <TestEntry testId="3ec3d79e-b398-9412-828e-9054793bc140" executionId="26f5c843-b208-48aa-9fba-1bd6f71dfd11" testListId="8c84fa94-04c1-424b-9868-57a2d4851a1d" />
    <TestEntry testId="41e0b141-90de-0368-778e-f36f74a3ce43" executionId="cf0c9d1e-a084-4661-bef7-a76842fce625" testListId="8c84fa94-04c1-424b-9868-57a2d4851a1d" />
    <TestEntry testId="e3fd6ff3-d5ee-351a-7713-bb5aeee33cc8" executionId="527d50cb-6ed9-4efe-b867-ec227bffc79c" testListId="8c84fa94-04c1-424b-9868-57a2d4851a1d" />
    <TestEntry testId="7f52d96a-c593-d01e-b103-97b8d07d548c" executionId="fd04fc77-ffba-40c8-9b79-76516625eed1" testListId="8c84fa94-04c1-424b-9868-57a2d4851a1d" />
    <TestEntry testId="f82b3efd-d414-0ac6-9f49-43d36b220409" executionId="ac70ddf1-12b8-4e5d-9b75-76d930d3cee9" testListId="8c84fa94-04c1-424b-9868-57a2d4851a1d" />
    <TestEntry testId="6263ad9e-6155-2eb0-3028-29b8c7b497f3" executionId="b9b126c2-af73-4b30-93c9-917385b86a48" testListId="8c84fa94-04c1-424b-9868-57a2d4851a1d" />
    <TestEntry testId="9b3e3fe3-fb52-2a21-c613-45867ac9a9c4" executionId="499e393a-056e-461c-94fe-9cf03e51ae2f" testListId="8c84fa94-04c1-424b-9868-57a2d4851a1d" />
    <TestEntry testId="3a52a507-c344-d6e8-fcf9-01f37cfe86b3" executionId="fd2862aa-3978-41e1-917c-c4f724b68c14" testListId="8c84fa94-04c1-424b-9868-57a2d4851a1d" />
    <TestEntry testId="312313c8-0b4e-0f16-a6ab-7fdbbe95b785" executionId="667760e2-8691-4dc0-ba88-4d08eaeb7360" testListId="8c84fa94-04c1-424b-9868-57a2d4851a1d" />
    <TestEntry testId="937a35cb-6215-4108-7af9-4c2093a81b1f" executionId="875ac0cb-288b-43a0-b60a-96560e248b60" testListId="8c84fa94-04c1-424b-9868-57a2d4851a1d" />
    <TestEntry testId="47418946-1a09-1c58-994e-8f1703121297" executionId="4c876de7-d7f1-41c5-b636-4f594cdbdbd4" testListId="8c84fa94-04c1-424b-9868-57a2d4851a1d" />
    <TestEntry testId="dab042d1-12d8-4ebf-7607-1c7c030bfdc7" executionId="c65d3edc-7fe1-4822-ba31-88dadea667df" testListId="8c84fa94-04c1-424b-9868-57a2d4851a1d" />
    <TestEntry testId="13091dd9-a2bf-6739-bdd2-a64b1bcd4e71" executionId="3e458a39-0f0c-4d14-ac76-8f0a3740c27f" testListId="8c84fa94-04c1-424b-9868-57a2d4851a1d" />
    <TestEntry testId="4264b0aa-227a-4c9e-71f2-11bcb5811fdc" executionId="8965dd12-e8a5-4ffc-9d84-50f72befc50d" testListId="8c84fa94-04c1-424b-9868-57a2d4851a1d" />
    <TestEntry testId="b765e92b-894c-4ce0-2609-5ab4b96a5f2c" executionId="03112b64-dc88-4d0a-9a09-eb5c2b876d4c" testListId="8c84fa94-04c1-424b-9868-57a2d4851a1d" />
    <TestEntry testId="df1dbac8-90fe-fb3b-499c-de8b9d6e81dd" executionId="bac0d7a3-c977-418a-907b-2afadb8ac7e9" testListId="8c84fa94-04c1-424b-9868-57a2d4851a1d" />
    <TestEntry testId="a36f5fda-cfae-91dd-ce3e-ab67652b59b5" executionId="306e0ff2-f6aa-4f0c-ad4d-42e2caa68e61" testListId="8c84fa94-04c1-424b-9868-57a2d4851a1d" />
    <TestEntry testId="04636c4e-cc4e-296f-597b-1f9f8b2855bf" executionId="30475b36-2ef5-4212-9e05-d3472655fddb" testListId="8c84fa94-04c1-424b-9868-57a2d4851a1d" />
    <TestEntry testId="0d876661-cc10-5559-2b86-ea0d2e396771" executionId="60c2c251-dbb8-4835-9951-8415daf7ae64" testListId="8c84fa94-04c1-424b-9868-57a2d4851a1d" />
    <TestEntry testId="7492e4d3-49d0-1b89-55e4-dc7475928bda" executionId="8d0c93fe-3620-417c-8839-15491420086e" testListId="8c84fa94-04c1-424b-9868-57a2d4851a1d" />
    <TestEntry testId="f952a502-0d00-d9c5-d240-d7b98305e694" executionId="8f2665c7-fc67-49fe-a4e3-16ee5adc7df8" testListId="8c84fa94-04c1-424b-9868-57a2d4851a1d" />
    <TestEntry testId="24aa0e84-b953-35cb-0028-5df8b26587a6" executionId="3a902824-05af-4402-9791-34b5a717c162" testListId="8c84fa94-04c1-424b-9868-57a2d4851a1d" />
    <TestEntry testId="853e7323-92ea-669e-c20e-b45227ddeab5" executionId="6b8554c3-5848-44c0-9b70-2e419acfb1cf" testListId="8c84fa94-04c1-424b-9868-57a2d4851a1d" />
    <TestEntry testId="0c7a9876-fc28-279c-7a12-ae37173e1ba6" executionId="3baece76-5a54-44c3-ae7e-6f820d4c3296" testListId="8c84fa94-04c1-424b-9868-57a2d4851a1d" />
    <TestEntry testId="d972b6f7-66d2-dd25-b19b-5e03299016a7" executionId="e897011e-5639-43ed-bf59-017198e0bb24" testListId="8c84fa94-04c1-424b-9868-57a2d4851a1d" />
    <TestEntry testId="d4988056-c8da-86a2-50ed-064a03f9382e" executionId="c85297ec-346b-4560-bbd9-0cc6d39a2261" testListId="8c84fa94-04c1-424b-9868-57a2d4851a1d" />
    <TestEntry testId="43244374-86fd-63f3-4047-b982fc2f9097" executionId="880ad123-c9e0-4934-b31a-2e4424fd5caa" testListId="8c84fa94-04c1-424b-9868-57a2d4851a1d" />
    <TestEntry testId="472dfa12-cb49-f2f7-bd08-aea9e991885e" executionId="44e89d07-177f-4d45-9ae8-374f40c67b48" testListId="8c84fa94-04c1-424b-9868-57a2d4851a1d" />
    <TestEntry testId="7c578402-4d8d-920c-be2e-489674d21f86" executionId="82e3f2ec-af01-487c-a1de-93c21476d967" testListId="8c84fa94-04c1-424b-9868-57a2d4851a1d" />
    <TestEntry testId="c2ced16d-059e-6934-2ecf-a40ddd476ceb" executionId="d62bf0e8-f8d8-4293-a54f-ac66719db1d8" testListId="8c84fa94-04c1-424b-9868-57a2d4851a1d" />
    <TestEntry testId="82d70c4f-557a-c3ae-907a-bffd08d70e77" executionId="f086b2db-50dd-4c28-9e7c-2adb16b03057" testListId="8c84fa94-04c1-424b-9868-57a2d4851a1d" />
    <TestEntry testId="ca7dae08-2cf6-e76b-2706-10de96cfcaa4" executionId="66f75c3d-79e5-444e-91d1-5fb993fd4e20" testListId="8c84fa94-04c1-424b-9868-57a2d4851a1d" />
    <TestEntry testId="3a65348a-1002-8ff1-c9f2-59cd2df96af4" executionId="4936a74e-f862-4ddb-b4e8-3839000fa43d" testListId="8c84fa94-04c1-424b-9868-57a2d4851a1d" />
    <TestEntry testId="b6a6e782-0768-9dc1-ae24-b5447c2eeef8" executionId="7211e9b2-1eb5-49c0-9202-13329a25dacd" testListId="8c84fa94-04c1-424b-9868-57a2d4851a1d" />
    <TestEntry testId="e92ec01b-3c45-167a-f4e9-afeff5396376" executionId="f5662e2f-fad0-4dd4-bb8d-e7885068cf1c" testListId="8c84fa94-04c1-424b-9868-57a2d4851a1d" />
    <TestEntry testId="c0c5d902-032c-0b0d-7f7e-07d28b4d0b45" executionId="c3c5c04a-899a-4dc9-a471-be1dc0f0b089" testListId="8c84fa94-04c1-424b-9868-57a2d4851a1d" />
    <TestEntry testId="b33f1a9b-860d-9962-4e94-5a8fff1c8ce1" executionId="3f2f4455-4d9a-427f-a530-14a30c3abe1a" testListId="8c84fa94-04c1-424b-9868-57a2d4851a1d" />
    <TestEntry testId="c2d71e40-9775-5ceb-79f2-c8afedc43257" executionId="0d9d3841-6030-4d80-abd0-80e487e1be27" testListId="8c84fa94-04c1-424b-9868-57a2d4851a1d" />
    <TestEntry testId="36dd54dd-da44-f0bb-e7bc-5c4bcc3d68de" executionId="3add1f8b-8e8e-4157-9778-361bbcd259fd" testListId="8c84fa94-04c1-424b-9868-57a2d4851a1d" />
    <TestEntry testId="9aec7c2e-79a5-1ad6-0acd-b2ee21bc10b7" executionId="f0a187c5-f84c-471d-919f-d23f1f714782" testListId="8c84fa94-04c1-424b-9868-57a2d4851a1d" />
    <TestEntry testId="1309b450-5140-5e64-8683-f434bc1ca38e" executionId="4dea6e2a-9479-461a-a0f1-ebb809e9656f" testListId="8c84fa94-04c1-424b-9868-57a2d4851a1d" />
    <TestEntry testId="7b4bba56-8c53-b874-8c3f-6d539dd2ec36" executionId="cd012245-b9b9-449b-b121-01043d5011e7" testListId="8c84fa94-04c1-424b-9868-57a2d4851a1d" />
    <TestEntry testId="8ed0a42b-5ac7-3c52-86ec-13a27d3855a4" executionId="45d963ef-04bf-43c3-a488-49ef5f26e574" testListId="8c84fa94-04c1-424b-9868-57a2d4851a1d" />
    <TestEntry testId="239f5f61-e65d-8a7f-e4d8-eeea269a2a06" executionId="b2b3becc-4905-4089-9c56-1fccc7d3e80b" testListId="8c84fa94-04c1-424b-9868-57a2d4851a1d" />
  </TestEntries>
  <TestLists>
    <TestList name="Results Not in a List" id="8c84fa94-04c1-424b-9868-57a2d4851a1d" />
    <TestList name="All Loaded Results" id="19431567-8539-422a-85d7-44ee4e166bda" />
  </TestLists>
  <ResultSummary outcome="Failed">
    <Counters total="188" executed="184" passed="120" failed="64" error="0" timeout="0" aborted="0" inconclusive="0" passedButRunAborted="0" notRunnable="0" notExecuted="0" disconnected="0" warning="0" completed="0" inProgress="0" pending="0" />
    <Output>
      <StdOut>NUnit Adapter 4.5.0.0: Test execution started
Running all tests in /home/joheredi/dev/http-client-csharp/test/e2e/Spector.Tests/bin/Debug/net10.0/Spector.Tests.dll
   NUnit3TestExecutor discovered 188 of 188 NUnit test cases using Current Discovery mode, Non-Explicit run
HeaderFloatMillisecondsLargerUnit: https://github.com/microsoft/typespec/issues/8987
HeaderFloatSecondsLargerUnit: https://github.com/microsoft/typespec/issues/8987
Test 'HeaderFloatMillisecondsLargerUnit' was skipped in the test run.
Test 'HeaderFloatSecondsLargerUnit' was skipped in the test run.
QueryFloatMillisecondsLargerUnit: https://github.com/microsoft/typespec/issues/8987
Test 'QueryFloatMillisecondsLargerUnit' was skipped in the test run.
QueryFloatSecondsLargerUnit: https://github.com/microsoft/typespec/issues/8987
Test 'QueryFloatSecondsLargerUnit' was skipped in the test run.
info Stopped server running at port  38183.
NUnit Adapter 4.5.0.0: Test execution complete
</StdOut>
    </Output>
  </ResultSummary>
</TestRun>